# JRE version: OpenJDK Runtime Environment (17.0.11) (build 17.0.11+0--11852314)
# Java VM: OpenJDK 64-Bit Server VM (17.0.11+0--11852314, mixed mode, tiered, compressed oops, compressed class ptrs, g1 gc, windows-amd64)
GC Precious Log:
 CPUs: 4 total, 4 available
 Memory: 8080M
 Large Page Support: Disabled
 NUMA Support: Disabled
 Compressed Oops: Enabled (32-bit)
 Heap Region Size: 1M
 Heap Min Capacity: 8M
 Heap Initial Capacity: 128M
 Heap Max Capacity: 2G
 Pre-touch: Disabled
 Parallel Workers: 4
 Concurrent Workers: 1
 Concurrent Refinement Workers: 4
 Periodic GC: Disabled
Heap:
 garbage-first heap   total 544768K, used 258102K [0x0000000080000000, 0x0000000100000000)
  region size 1024K, 4 young (4096K), 4 survivors (4096K)
 Metaspace       used 144194K, committed 145088K, reserved 1179648K
  class space    used 19055K, committed 19520K, reserved 1048576K
GC Heap History (20 events):
Event: 219.663 GC heap after
{Heap after GC invocations=114 (full 0):
 garbage-first heap   total 470016K, used 209823K [0x0000000080000000, 0x0000000100000000)
  region size 1024K, 11 young (11264K), 11 survivors (11264K)
 Metaspace       used 142610K, committed 143616K, reserved 1179648K
  class space    used 18883K, committed 19392K, reserved 1048576K
}
Event: 222.554 GC heap before
{Heap before GC invocations=114 (full 0):
 garbage-first heap   total 470016K, used 415647K [0x0000000080000000, 0x0000000100000000)
  region size 1024K, 207 young (211968K), 11 survivors (11264K)
 Metaspace       used 142618K, committed 143616K, reserved 1179648K
  class space    used 18883K, committed 19392K, reserved 1048576K
}
Event: 222.581 GC heap after
{Heap after GC invocations=115 (full 0):
 garbage-first heap   total 470016K, used 207929K [0x0000000080000000, 0x0000000100000000)
  region size 1024K, 9 young (9216K), 9 survivors (9216K)
 Metaspace       used 142618K, committed 143616K, reserved 1179648K
  class space    used 18883K, committed 19392K, reserved 1048576K
}
Event: 225.307 GC heap before
{Heap before GC invocations=115 (full 0):
 garbage-first heap   total 470016K, used 412729K [0x0000000080000000, 0x0000000100000000)
  region size 1024K, 209 young (214016K), 9 survivors (9216K)
 Metaspace       used 142618K, committed 143616K, reserved 1179648K
  class space    used 18883K, committed 19392K, reserved 1048576K
}
Event: 225.336 GC heap after
{Heap after GC invocations=116 (full 0):
 garbage-first heap   total 470016K, used 208804K [0x0000000080000000, 0x0000000100000000)
  region size 1024K, 10 young (10240K), 10 survivors (10240K)
 Metaspace       used 142618K, committed 143616K, reserved 1179648K
  class space    used 18883K, committed 19392K, reserved 1048576K
}
Event: 227.307 GC heap before
{Heap before GC invocations=116 (full 0):
 garbage-first heap   total 470016K, used 411556K [0x0000000080000000, 0x0000000100000000)
  region size 1024K, 208 young (212992K), 10 survivors (10240K)
 Metaspace       used 142620K, committed 143616K, reserved 1179648K
  class space    used 18883K, committed 19392K, reserved 1048576K
}
Event: 227.354 GC heap after
{Heap after GC invocations=117 (full 0):
 garbage-first heap   total 470016K, used 209692K [0x0000000080000000, 0x0000000100000000)
  region size 1024K, 11 young (11264K), 11 survivors (11264K)
 Metaspace       used 142620K, committed 143616K, reserved 1179648K
  class space    used 18883K, committed 19392K, reserved 1048576K
}
Event: 229.224 GC heap before
{Heap before GC invocations=117 (full 0):
 garbage-first heap   total 470016K, used 344860K [0x0000000080000000, 0x0000000100000000)
  region size 1024K, 136 young (139264K), 11 survivors (11264K)
 Metaspace       used 142985K, committed 143936K, reserved 1179648K
  class space    used 18919K, committed 19392K, reserved 1048576K
}
Event: 229.254 GC heap after
{Heap after GC invocations=118 (full 0):
 garbage-first heap   total 470016K, used 208552K [0x0000000080000000, 0x0000000100000000)
  region size 1024K, 10 young (10240K), 10 survivors (10240K)
 Metaspace       used 142985K, committed 143936K, reserved 1179648K
  class space    used 18919K, committed 19392K, reserved 1048576K
}
Event: 229.306 GC heap before
{Heap before GC invocations=118 (full 0):
 garbage-first heap   total 470016K, used 221864K [0x0000000080000000, 0x0000000100000000)
  region size 1024K, 14 young (14336K), 10 survivors (10240K)
 Metaspace       used 142985K, committed 143936K, reserved 1179648K
  class space    used 18919K, committed 19392K, reserved 1048576K
}
Event: 229.335 GC heap after
{Heap after GC invocations=119 (full 0):
 garbage-first heap   total 470016K, used 222611K [0x0000000080000000, 0x0000000100000000)
  region size 1024K, 12 young (12288K), 12 survivors (12288K)
 Metaspace       used 142985K, committed 143936K, reserved 1179648K
  class space    used 18919K, committed 19392K, reserved 1048576K
}
Event: 230.008 GC heap before
{Heap before GC invocations=119 (full 0):
 garbage-first heap   total 470016K, used 352659K [0x0000000080000000, 0x0000000100000000)
  region size 1024K, 102 young (104448K), 12 survivors (12288K)
 Metaspace       used 143597K, committed 144576K, reserved 1179648K
  class space    used 19004K, committed 19520K, reserved 1048576K
}
Event: 230.040 GC heap after
{Heap after GC invocations=120 (full 0):
 garbage-first heap   total 470016K, used 249371K [0x0000000080000000, 0x0000000100000000)
  region size 1024K, 13 young (13312K), 13 survivors (13312K)
 Metaspace       used 143597K, committed 144576K, reserved 1179648K
  class space    used 19004K, committed 19520K, reserved 1048576K
}
Event: 230.764 GC heap before
{Heap before GC invocations=120 (full 0):
 garbage-first heap   total 470016K, used 338459K [0x0000000080000000, 0x0000000100000000)
  region size 1024K, 99 young (101376K), 13 survivors (13312K)
 Metaspace       used 143957K, committed 144960K, reserved 1179648K
  class space    used 19046K, committed 19520K, reserved 1048576K
}
Event: 230.810 GC heap after
{Heap after GC invocations=121 (full 0):
 garbage-first heap   total 470016K, used 271630K [0x0000000080000000, 0x0000000100000000)
  region size 1024K, 13 young (13312K), 13 survivors (13312K)
 Metaspace       used 143957K, committed 144960K, reserved 1179648K
  class space    used 19046K, committed 19520K, reserved 1048576K
}
Event: 231.304 GC heap before
{Heap before GC invocations=121 (full 0):
 garbage-first heap   total 470016K, used 348430K [0x0000000080000000, 0x0000000100000000)
  region size 1024K, 89 young (91136K), 13 survivors (13312K)
 Metaspace       used 144000K, committed 144960K, reserved 1179648K
  class space    used 19047K, committed 19520K, reserved 1048576K
}
Event: 231.403 GC heap after
{Heap after GC invocations=122 (full 0):
 garbage-first heap   total 470016K, used 311296K [0x0000000080000000, 0x0000000100000000)
  region size 1024K, 12 young (12288K), 12 survivors (12288K)
 Metaspace       used 144000K, committed 144960K, reserved 1179648K
  class space    used 19047K, committed 19520K, reserved 1048576K
}
Event: 232.227 GC heap before
{Heap before GC invocations=123 (full 0):
 garbage-first heap   total 544768K, used 339968K [0x0000000080000000, 0x0000000100000000)
  region size 1024K, 64 young (65536K), 12 survivors (12288K)
 Metaspace       used 144079K, committed 145024K, reserved 1179648K
  class space    used 19049K, committed 19520K, reserved 1048576K
}
Event: 232.333 GC heap after
{Heap after GC invocations=124 (full 0):
 garbage-first heap   total 544768K, used 308224K [0x0000000080000000, 0x0000000100000000)
  region size 1024K, 8 young (8192K), 8 survivors (8192K)
 Metaspace       used 144079K, committed 145024K, reserved 1179648K
  class space    used 19049K, committed 19520K, reserved 1048576K
}
Event: 232.576 GC heap before
{Heap before GC invocations=124 (full 0):
 garbage-first heap   total 544768K, used 325632K [0x0000000080000000, 0x0000000100000000)
  region size 1024K, 26 young (26624K), 8 survivors (8192K)
 Metaspace       used 144194K, committed 145088K, reserved 1179648K
  class space    used 19055K, committed 19520K, reserved 1048576K
}

