# JRE version: OpenJDK Runtime Environment (17.0.11) (build 17.0.11+0--11852314)
# Java VM: OpenJDK 64-Bit Server VM (17.0.11+0--11852314, mixed mode, tiered, compressed oops, compressed class ptrs, g1 gc, windows-amd64)
GC Precious Log:
 CPUs: 4 total, 4 available
 Memory: 8080M
 Large Page Support: Disabled
 NUMA Support: Disabled
 Compressed Oops: Enabled (32-bit)
 Heap Region Size: 1M
 Heap Min Capacity: 8M
 Heap Initial Capacity: 128M
 Heap Max Capacity: 2G
 Pre-touch: Disabled
 Parallel Workers: 4
 Concurrent Workers: 1
 Concurrent Refinement Workers: 4
 Periodic GC: Disabled
Heap:
 garbage-first heap   total 421888K, used 231049K [0x0000000080000000, 0x0000000100000000)
  region size 1024K, 33 young (33792K), 11 survivors (11264K)
 Metaspace       used 194423K, committed 195392K, reserved 1245184K
  class space    used 24987K, committed 25472K, reserved 1048576K
GC Heap History (20 events):
Event: 183.754 GC heap before
{Heap before GC invocations=76 (full 0):
 garbage-first heap   total 421888K, used 239580K [0x0000000080000000, 0x0000000100000000)
  region size 1024K, 20 young (20480K), 3 survivors (3072K)
 Metaspace       used 192830K, committed 193728K, reserved 1245184K
  class space    used 24772K, committed 25216K, reserved 1048576K
}
Event: 183.767 GC heap after
{Heap after GC invocations=77 (full 0):
 garbage-first heap   total 421888K, used 199826K [0x0000000080000000, 0x0000000100000000)
  region size 1024K, 2 young (2048K), 2 survivors (2048K)
 Metaspace       used 192830K, committed 193728K, reserved 1245184K
  class space    used 24772K, committed 25216K, reserved 1048576K
}
Event: 184.744 GC heap before
{Heap before GC invocations=77 (full 0):
 garbage-first heap   total 421888K, used 366738K [0x0000000080000000, 0x0000000100000000)
  region size 1024K, 165 young (168960K), 2 survivors (2048K)
 Metaspace       used 193787K, committed 194688K, reserved 1245184K
  class space    used 24907K, committed 25344K, reserved 1048576K
}
Event: 184.752 GC heap after
{Heap after GC invocations=78 (full 0):
 garbage-first heap   total 421888K, used 201300K [0x0000000080000000, 0x0000000100000000)
  region size 1024K, 3 young (3072K), 3 survivors (3072K)
 Metaspace       used 193787K, committed 194688K, reserved 1245184K
  class space    used 24907K, committed 25344K, reserved 1048576K
}
Event: 185.687 GC heap before
{Heap before GC invocations=78 (full 0):
 garbage-first heap   total 421888K, used 368212K [0x0000000080000000, 0x0000000100000000)
  region size 1024K, 166 young (169984K), 3 survivors (3072K)
 Metaspace       used 194034K, committed 195008K, reserved 1245184K
  class space    used 24945K, committed 25408K, reserved 1048576K
}
Event: 185.699 GC heap after
{Heap after GC invocations=79 (full 0):
 garbage-first heap   total 421888K, used 202601K [0x0000000080000000, 0x0000000100000000)
  region size 1024K, 5 young (5120K), 5 survivors (5120K)
 Metaspace       used 194034K, committed 195008K, reserved 1245184K
  class space    used 24945K, committed 25408K, reserved 1048576K
}
Event: 186.858 GC heap before
{Heap before GC invocations=79 (full 0):
 garbage-first heap   total 421888K, used 367465K [0x0000000080000000, 0x0000000100000000)
  region size 1024K, 166 young (169984K), 5 survivors (5120K)
 Metaspace       used 194118K, committed 195072K, reserved 1245184K
  class space    used 24950K, committed 25408K, reserved 1048576K
}
Event: 186.875 GC heap after
{Heap after GC invocations=80 (full 0):
 garbage-first heap   total 421888K, used 206321K [0x0000000080000000, 0x0000000100000000)
  region size 1024K, 8 young (8192K), 8 survivors (8192K)
 Metaspace       used 194118K, committed 195072K, reserved 1245184K
  class space    used 24950K, committed 25408K, reserved 1048576K
}
Event: 187.685 GC heap before
{Heap before GC invocations=80 (full 0):
 garbage-first heap   total 421888K, used 366065K [0x0000000080000000, 0x0000000100000000)
  region size 1024K, 164 young (167936K), 8 survivors (8192K)
 Metaspace       used 194134K, committed 195072K, reserved 1245184K
  class space    used 24951K, committed 25408K, reserved 1048576K
}
Event: 187.702 GC heap after
{Heap after GC invocations=81 (full 0):
 garbage-first heap   total 421888K, used 207476K [0x0000000080000000, 0x0000000100000000)
  region size 1024K, 9 young (9216K), 9 survivors (9216K)
 Metaspace       used 194134K, committed 195072K, reserved 1245184K
  class space    used 24951K, committed 25408K, reserved 1048576K
}
Event: 188.570 GC heap before
{Heap before GC invocations=81 (full 0):
 garbage-first heap   total 421888K, used 367220K [0x0000000080000000, 0x0000000100000000)
  region size 1024K, 165 young (168960K), 9 survivors (9216K)
 Metaspace       used 194164K, committed 195072K, reserved 1245184K
  class space    used 24952K, committed 25408K, reserved 1048576K
}
Event: 188.593 GC heap after
{Heap after GC invocations=82 (full 0):
 garbage-first heap   total 421888K, used 207489K [0x0000000080000000, 0x0000000100000000)
  region size 1024K, 9 young (9216K), 9 survivors (9216K)
 Metaspace       used 194164K, committed 195072K, reserved 1245184K
  class space    used 24952K, committed 25408K, reserved 1048576K
}
Event: 189.423 GC heap before
{Heap before GC invocations=82 (full 0):
 garbage-first heap   total 421888K, used 369281K [0x0000000080000000, 0x0000000100000000)
  region size 1024K, 167 young (171008K), 9 survivors (9216K)
 Metaspace       used 194181K, committed 195136K, reserved 1245184K
  class space    used 24953K, committed 25408K, reserved 1048576K
}
Event: 189.440 GC heap after
{Heap after GC invocations=83 (full 0):
 garbage-first heap   total 421888K, used 208339K [0x0000000080000000, 0x0000000100000000)
  region size 1024K, 10 young (10240K), 10 survivors (10240K)
 Metaspace       used 194181K, committed 195136K, reserved 1245184K
  class space    used 24953K, committed 25408K, reserved 1048576K
}
Event: 190.330 GC heap before
{Heap before GC invocations=83 (full 0):
 garbage-first heap   total 421888K, used 368083K [0x0000000080000000, 0x0000000100000000)
  region size 1024K, 166 young (169984K), 10 survivors (10240K)
 Metaspace       used 194221K, committed 195136K, reserved 1245184K
  class space    used 24956K, committed 25408K, reserved 1048576K
}
Event: 190.348 GC heap after
{Heap after GC invocations=84 (full 0):
 garbage-first heap   total 421888K, used 208392K [0x0000000080000000, 0x0000000100000000)
  region size 1024K, 10 young (10240K), 10 survivors (10240K)
 Metaspace       used 194221K, committed 195136K, reserved 1245184K
  class space    used 24956K, committed 25408K, reserved 1048576K
}
Event: 191.149 GC heap before
{Heap before GC invocations=84 (full 0):
 garbage-first heap   total 421888K, used 368136K [0x0000000080000000, 0x0000000100000000)
  region size 1024K, 166 young (169984K), 10 survivors (10240K)
 Metaspace       used 194238K, committed 195136K, reserved 1245184K
  class space    used 24959K, committed 25408K, reserved 1048576K
}
Event: 191.176 GC heap after
{Heap after GC invocations=85 (full 0):
 garbage-first heap   total 421888K, used 208513K [0x0000000080000000, 0x0000000100000000)
  region size 1024K, 10 young (10240K), 10 survivors (10240K)
 Metaspace       used 194238K, committed 195136K, reserved 1245184K
  class space    used 24959K, committed 25408K, reserved 1048576K
}
Event: 192.388 GC heap before
{Heap before GC invocations=85 (full 0):
 garbage-first heap   total 421888K, used 368257K [0x0000000080000000, 0x0000000100000000)
  region size 1024K, 166 young (169984K), 10 survivors (10240K)
 Metaspace       used 194285K, committed 195200K, reserved 1245184K
  class space    used 24959K, committed 25408K, reserved 1048576K
}
Event: 192.407 GC heap after
{Heap after GC invocations=86 (full 0):
 garbage-first heap   total 421888K, used 208984K [0x0000000080000000, 0x0000000100000000)
  region size 1024K, 11 young (11264K), 11 survivors (11264K)
 Metaspace       used 194285K, committed 195200K, reserved 1245184K
  class space    used 24959K, committed 25408K, reserved 1048576K
}

