# JRE version: OpenJDK Runtime Environment (17.0.11) (build 17.0.11+0--11852314)
# Java VM: OpenJDK 64-Bit Server VM (17.0.11+0--11852314, mixed mode, tiered, compressed oops, compressed class ptrs, g1 gc, windows-amd64)
GC Precious Log:
 CPUs: 4 total, 4 available
 Memory: 8080M
 Large Page Support: Disabled
 NUMA Support: Disabled
 Compressed Oops: Enabled (32-bit)
 Heap Region Size: 1M
 Heap Min Capacity: 8M
 Heap Initial Capacity: 128M
 Heap Max Capacity: 2G
 Pre-touch: Disabled
 Parallel Workers: 4
 Concurrent Workers: 1
 Concurrent Refinement Workers: 4
 Periodic GC: Disabled
Heap:
 garbage-first heap   total 440320K, used 257024K [0x0000000080000000, 0x0000000100000000)
  region size 1024K, 10 young (10240K), 10 survivors (10240K)
 Metaspace       used 132223K, committed 133056K, reserved 1179648K
  class space    used 17826K, committed 18240K, reserved 1048576K
GC Heap History (20 events):
Event: 114.630 GC heap after
{Heap after GC invocations=100 (full 0):
 garbage-first heap   total 440320K, used 196551K [0x0000000080000000, 0x0000000100000000)
  region size 1024K, 5 young (5120K), 5 survivors (5120K)
 Metaspace       used 132074K, committed 132928K, reserved 1179648K
  class space    used 17819K, committed 18240K, reserved 1048576K
}
Event: 116.091 GC heap before
{Heap before GC invocations=100 (full 0):
 garbage-first heap   total 440320K, used 382919K [0x0000000080000000, 0x0000000100000000)
  region size 1024K, 187 young (191488K), 5 survivors (5120K)
 Metaspace       used 132090K, committed 132928K, reserved 1179648K
  class space    used 17819K, committed 18240K, reserved 1048576K
}
Event: 116.116 GC heap after
{Heap after GC invocations=101 (full 0):
 garbage-first heap   total 440320K, used 197943K [0x0000000080000000, 0x0000000100000000)
  region size 1024K, 6 young (6144K), 6 survivors (6144K)
 Metaspace       used 132090K, committed 132928K, reserved 1179648K
  class space    used 17819K, committed 18240K, reserved 1048576K
}
Event: 117.706 GC heap before
{Heap before GC invocations=101 (full 0):
 garbage-first heap   total 440320K, used 384311K [0x0000000080000000, 0x0000000100000000)
  region size 1024K, 188 young (192512K), 6 survivors (6144K)
 Metaspace       used 132091K, committed 132928K, reserved 1179648K
  class space    used 17819K, committed 18240K, reserved 1048576K
}
Event: 117.724 GC heap after
{Heap after GC invocations=102 (full 0):
 garbage-first heap   total 440320K, used 198221K [0x0000000080000000, 0x0000000100000000)
  region size 1024K, 7 young (7168K), 7 survivors (7168K)
 Metaspace       used 132091K, committed 132928K, reserved 1179648K
  class space    used 17819K, committed 18240K, reserved 1048576K
}
Event: 119.110 GC heap before
{Heap before GC invocations=102 (full 0):
 garbage-first heap   total 440320K, used 385613K [0x0000000080000000, 0x0000000100000000)
  region size 1024K, 190 young (194560K), 7 survivors (7168K)
 Metaspace       used 132092K, committed 132928K, reserved 1179648K
  class space    used 17819K, committed 18240K, reserved 1048576K
}
Event: 119.133 GC heap after
{Heap after GC invocations=103 (full 0):
 garbage-first heap   total 440320K, used 198787K [0x0000000080000000, 0x0000000100000000)
  region size 1024K, 7 young (7168K), 7 survivors (7168K)
 Metaspace       used 132092K, committed 132928K, reserved 1179648K
  class space    used 17819K, committed 18240K, reserved 1048576K
}
Event: 120.693 GC heap before
{Heap before GC invocations=103 (full 0):
 garbage-first heap   total 440320K, used 388227K [0x0000000080000000, 0x0000000100000000)
  region size 1024K, 191 young (195584K), 7 survivors (7168K)
 Metaspace       used 132152K, committed 132992K, reserved 1179648K
  class space    used 17820K, committed 18240K, reserved 1048576K
}
Event: 120.719 GC heap after
{Heap after GC invocations=104 (full 0):
 garbage-first heap   total 440320K, used 205111K [0x0000000080000000, 0x0000000100000000)
  region size 1024K, 13 young (13312K), 13 survivors (13312K)
 Metaspace       used 132152K, committed 132992K, reserved 1179648K
  class space    used 17820K, committed 18240K, reserved 1048576K
}
Event: 121.588 GC heap before
{Heap before GC invocations=104 (full 0):
 garbage-first heap   total 440320K, used 380215K [0x0000000080000000, 0x0000000100000000)
  region size 1024K, 184 young (188416K), 13 survivors (13312K)
 Metaspace       used 132175K, committed 133056K, reserved 1179648K
  class space    used 17821K, committed 18240K, reserved 1048576K
}
Event: 121.624 GC heap after
{Heap after GC invocations=105 (full 0):
 garbage-first heap   total 440320K, used 214560K [0x0000000080000000, 0x0000000100000000)
  region size 1024K, 20 young (20480K), 20 survivors (20480K)
 Metaspace       used 132175K, committed 133056K, reserved 1179648K
  class space    used 17821K, committed 18240K, reserved 1048576K
}
Event: 122.355 GC heap before
{Heap before GC invocations=105 (full 0):
 garbage-first heap   total 440320K, used 375328K [0x0000000080000000, 0x0000000100000000)
  region size 1024K, 177 young (181248K), 20 survivors (20480K)
 Metaspace       used 132185K, committed 133056K, reserved 1179648K
  class space    used 17823K, committed 18240K, reserved 1048576K
}
Event: 122.381 GC heap after
{Heap after GC invocations=106 (full 0):
 garbage-first heap   total 440320K, used 210856K [0x0000000080000000, 0x0000000100000000)
  region size 1024K, 9 young (9216K), 9 survivors (9216K)
 Metaspace       used 132185K, committed 133056K, reserved 1179648K
  class space    used 17823K, committed 18240K, reserved 1048576K
}
Event: 123.354 GC heap before
{Heap before GC invocations=106 (full 0):
 garbage-first heap   total 440320K, used 378792K [0x0000000080000000, 0x0000000100000000)
  region size 1024K, 173 young (177152K), 9 survivors (9216K)
 Metaspace       used 132206K, committed 133056K, reserved 1179648K
  class space    used 17825K, committed 18240K, reserved 1048576K
}
Event: 123.373 GC heap after
{Heap after GC invocations=107 (full 0):
 garbage-first heap   total 440320K, used 218011K [0x0000000080000000, 0x0000000100000000)
  region size 1024K, 16 young (16384K), 16 survivors (16384K)
 Metaspace       used 132206K, committed 133056K, reserved 1179648K
  class space    used 17825K, committed 18240K, reserved 1048576K
}
Event: 123.986 GC heap before
{Heap before GC invocations=107 (full 0):
 garbage-first heap   total 440320K, used 377755K [0x0000000080000000, 0x0000000100000000)
  region size 1024K, 171 young (175104K), 16 survivors (16384K)
 Metaspace       used 132215K, committed 133056K, reserved 1179648K
  class space    used 17825K, committed 18240K, reserved 1048576K
}
Event: 124.027 GC heap after
{Heap after GC invocations=108 (full 0):
 garbage-first heap   total 440320K, used 237637K [0x0000000080000000, 0x0000000100000000)
  region size 1024K, 22 young (22528K), 22 survivors (22528K)
 Metaspace       used 132215K, committed 133056K, reserved 1179648K
  class space    used 17825K, committed 18240K, reserved 1048576K
}
Event: 124.536 GC heap before
{Heap before GC invocations=108 (full 0):
 garbage-first heap   total 440320K, used 363589K [0x0000000080000000, 0x0000000100000000)
  region size 1024K, 145 young (148480K), 22 survivors (22528K)
 Metaspace       used 132220K, committed 133056K, reserved 1179648K
  class space    used 17825K, committed 18240K, reserved 1048576K
}
Event: 124.578 GC heap after
{Heap after GC invocations=109 (full 0):
 garbage-first heap   total 440320K, used 247259K [0x0000000080000000, 0x0000000100000000)
  region size 1024K, 13 young (13312K), 13 survivors (13312K)
 Metaspace       used 132220K, committed 133056K, reserved 1179648K
  class space    used 17825K, committed 18240K, reserved 1048576K
}
Event: 125.019 GC heap before
{Heap before GC invocations=109 (full 0):
 garbage-first heap   total 440320K, used 363995K [0x0000000080000000, 0x0000000100000000)
  region size 1024K, 127 young (130048K), 13 survivors (13312K)
 Metaspace       used 132223K, committed 133056K, reserved 1179648K
  class space    used 17826K, committed 18240K, reserved 1048576K
}

