# JRE version: OpenJDK Runtime Environment (17.0.11) (build 17.0.11+0--11852314)
# Java VM: OpenJDK 64-Bit Server VM (17.0.11+0--11852314, mixed mode, tiered, compressed oops, compressed class ptrs, g1 gc, windows-amd64)
GC Precious Log:
 CPUs: 4 total, 4 available
 Memory: 8080M
 Large Page Support: Disabled
 NUMA Support: Disabled
 Compressed Oops: Enabled (32-bit)
 Heap Region Size: 1M
 Heap Min Capacity: 8M
 Heap Initial Capacity: 128M
 Heap Max Capacity: 2G
 Pre-touch: Disabled
 Parallel Workers: 4
 Concurrent Workers: 1
 Concurrent Refinement Workers: 4
 Periodic GC: Disabled
Heap:
 garbage-first heap   total 285696K, used 229546K [0x0000000080000000, 0x0000000100000000)
  region size 1024K, 71 young (72704K), 10 survivors (10240K)
 Metaspace       used 134194K, committed 135168K, reserved 1179648K
  class space    used 17472K, committed 17984K, reserved 1048576K
GC Heap History (20 events):
Event: 84.414 GC heap before
{Heap before GC invocations=43 (full 0):
 garbage-first heap   total 271360K, used 217538K [0x0000000080000000, 0x0000000100000000)
  region size 1024K, 132 young (135168K), 13 survivors (13312K)
 Metaspace       used 110593K, committed 111424K, reserved 1179648K
  class space    used 14883K, committed 15296K, reserved 1048576K
}
Event: 84.443 GC heap after
{Heap after GC invocations=44 (full 0):
 garbage-first heap   total 271360K, used 101920K [0x0000000080000000, 0x0000000100000000)
  region size 1024K, 8 young (8192K), 8 survivors (8192K)
 Metaspace       used 110593K, committed 111424K, reserved 1179648K
  class space    used 14883K, committed 15296K, reserved 1048576K
}
Event: 94.554 GC heap before
{Heap before GC invocations=44 (full 0):
 garbage-first heap   total 271360K, used 220704K [0x0000000080000000, 0x0000000100000000)
  region size 1024K, 123 young (125952K), 8 survivors (8192K)
 Metaspace       used 121756K, committed 122560K, reserved 1179648K
  class space    used 16319K, committed 16704K, reserved 1048576K
}
Event: 94.574 GC heap after
{Heap after GC invocations=45 (full 0):
 garbage-first heap   total 271360K, used 107496K [0x0000000080000000, 0x0000000100000000)
  region size 1024K, 11 young (11264K), 11 survivors (11264K)
 Metaspace       used 121756K, committed 122560K, reserved 1179648K
  class space    used 16319K, committed 16704K, reserved 1048576K
}
Event: 538.467 GC heap before
{Heap before GC invocations=45 (full 0):
 garbage-first heap   total 271360K, used 221160K [0x0000000080000000, 0x0000000100000000)
  region size 1024K, 123 young (125952K), 11 survivors (11264K)
 Metaspace       used 126774K, committed 127616K, reserved 1179648K
  class space    used 16749K, committed 17152K, reserved 1048576K
}
Event: 538.508 GC heap after
{Heap after GC invocations=46 (full 0):
 garbage-first heap   total 271360K, used 108233K [0x0000000080000000, 0x0000000100000000)
  region size 1024K, 8 young (8192K), 8 survivors (8192K)
 Metaspace       used 126774K, committed 127616K, reserved 1179648K
  class space    used 16749K, committed 17152K, reserved 1048576K
}
Event: 549.789 GC heap before
{Heap before GC invocations=46 (full 0):
 garbage-first heap   total 271360K, used 232137K [0x0000000080000000, 0x0000000100000000)
  region size 1024K, 121 young (123904K), 8 survivors (8192K)
 Metaspace       used 127548K, committed 128512K, reserved 1179648K
  class space    used 16778K, committed 17280K, reserved 1048576K
}
Event: 549.839 GC heap after
{Heap after GC invocations=47 (full 0):
 garbage-first heap   total 272384K, used 141010K [0x0000000080000000, 0x0000000100000000)
  region size 1024K, 16 young (16384K), 16 survivors (16384K)
 Metaspace       used 127548K, committed 128512K, reserved 1179648K
  class space    used 16778K, committed 17280K, reserved 1048576K
}
Event: 555.808 GC heap before
{Heap before GC invocations=47 (full 0):
 garbage-first heap   total 272384K, used 234194K [0x0000000080000000, 0x0000000100000000)
  region size 1024K, 83 young (84992K), 16 survivors (16384K)
 Metaspace       used 127924K, committed 128896K, reserved 1179648K
  class space    used 16793K, committed 17280K, reserved 1048576K
}
Event: 555.847 GC heap after
{Heap after GC invocations=48 (full 0):
 garbage-first heap   total 272384K, used 151040K [0x0000000080000000, 0x0000000100000000)
  region size 1024K, 9 young (9216K), 9 survivors (9216K)
 Metaspace       used 127924K, committed 128896K, reserved 1179648K
  class space    used 16793K, committed 17280K, reserved 1048576K
}
Event: 557.303 GC heap before
{Heap before GC invocations=49 (full 0):
 garbage-first heap   total 285696K, used 212480K [0x0000000080000000, 0x0000000100000000)
  region size 1024K, 70 young (71680K), 9 survivors (9216K)
 Metaspace       used 130132K, committed 131072K, reserved 1179648K
  class space    used 17002K, committed 17472K, reserved 1048576K
}
Event: 557.327 GC heap after
{Heap after GC invocations=50 (full 0):
 garbage-first heap   total 285696K, used 160256K [0x0000000080000000, 0x0000000100000000)
  region size 1024K, 9 young (9216K), 9 survivors (9216K)
 Metaspace       used 130132K, committed 131072K, reserved 1179648K
  class space    used 17002K, committed 17472K, reserved 1048576K
}
Event: 557.405 GC heap before
{Heap before GC invocations=50 (full 0):
 garbage-first heap   total 285696K, used 164352K [0x0000000080000000, 0x0000000100000000)
  region size 1024K, 13 young (13312K), 9 survivors (9216K)
 Metaspace       used 130240K, committed 131136K, reserved 1179648K
  class space    used 17009K, committed 17472K, reserved 1048576K
}
Event: 557.418 GC heap after
{Heap after GC invocations=51 (full 0):
 garbage-first heap   total 285696K, used 159603K [0x0000000080000000, 0x0000000100000000)
  region size 1024K, 2 young (2048K), 2 survivors (2048K)
 Metaspace       used 130240K, committed 131136K, reserved 1179648K
  class space    used 17009K, committed 17472K, reserved 1048576K
}
Event: 559.088 GC heap before
{Heap before GC invocations=51 (full 0):
 garbage-first heap   total 285696K, used 229235K [0x0000000080000000, 0x0000000100000000)
  region size 1024K, 67 young (68608K), 2 survivors (2048K)
 Metaspace       used 130837K, committed 131840K, reserved 1179648K
  class space    used 17055K, committed 17536K, reserved 1048576K
}
Event: 559.099 GC heap after
{Heap after GC invocations=52 (full 0):
 garbage-first heap   total 285696K, used 159744K [0x0000000080000000, 0x0000000100000000)
  region size 1024K, 2 young (2048K), 2 survivors (2048K)
 Metaspace       used 130837K, committed 131840K, reserved 1179648K
  class space    used 17055K, committed 17536K, reserved 1048576K
}
Event: 563.682 GC heap before
{Heap before GC invocations=52 (full 0):
 garbage-first heap   total 285696K, used 228352K [0x0000000080000000, 0x0000000100000000)
  region size 1024K, 70 young (71680K), 2 survivors (2048K)
 Metaspace       used 131777K, committed 132736K, reserved 1179648K
  class space    used 17163K, committed 17664K, reserved 1048576K
}
Event: 563.697 GC heap after
{Heap after GC invocations=53 (full 0):
 garbage-first heap   total 285696K, used 161769K [0x0000000080000000, 0x0000000100000000)
  region size 1024K, 4 young (4096K), 4 survivors (4096K)
 Metaspace       used 131777K, committed 132736K, reserved 1179648K
  class space    used 17163K, committed 17664K, reserved 1048576K
}
Event: 572.552 GC heap before
{Heap before GC invocations=53 (full 0):
 garbage-first heap   total 285696K, used 233449K [0x0000000080000000, 0x0000000100000000)
  region size 1024K, 73 young (74752K), 4 survivors (4096K)
 Metaspace       used 133849K, committed 134912K, reserved 1179648K
  class space    used 17418K, committed 17920K, reserved 1048576K
}
Event: 572.575 GC heap after
{Heap after GC invocations=54 (full 0):
 garbage-first heap   total 285696K, used 167082K [0x0000000080000000, 0x0000000100000000)
  region size 1024K, 10 young (10240K), 10 survivors (10240K)
 Metaspace       used 133849K, committed 134912K, reserved 1179648K
  class space    used 17418K, committed 17920K, reserved 1048576K
}

