# JRE version: OpenJDK Runtime Environment (17.0.11) (build 17.0.11+0--11852314)
# Java VM: OpenJDK 64-Bit Server VM (17.0.11+0--11852314, mixed mode, tiered, compressed oops, compressed class ptrs, g1 gc, windows-amd64)
GC Precious Log:
 CPUs: 4 total, 4 available
 Memory: 8080M
 Large Page Support: Disabled
 NUMA Support: Disabled
 Compressed Oops: Enabled (32-bit)
 Heap Region Size: 1M
 Heap Min Capacity: 8M
 Heap Initial Capacity: 128M
 Heap Max Capacity: 2G
 Pre-touch: Disabled
 Parallel Workers: 4
 Concurrent Workers: 1
 Concurrent Refinement Workers: 4
 Periodic GC: Disabled
Heap:
 garbage-first heap   total 540672K, used 240839K [0x0000000080000000, 0x0000000100000000)
  region size 1024K, 2 young (2048K), 2 survivors (2048K)
 Metaspace       used 157586K, committed 159040K, reserved 1245184K
  class space    used 20350K, committed 21056K, reserved 1048576K
GC Heap History (20 events):
Event: 2748.969 GC heap after
{Heap after GC invocations=195 (full 0):
 garbage-first heap   total 589824K, used 123921K [0x0000000080000000, 0x0000000100000000)
  region size 1024K, 3 young (3072K), 3 survivors (3072K)
 Metaspace       used 157207K, committed 158592K, reserved 1245184K
  class space    used 20322K, committed 20992K, reserved 1048576K
}
Event: 2751.975 GC heap before
{Heap before GC invocations=195 (full 0):
 garbage-first heap   total 589824K, used 174097K [0x0000000080000000, 0x0000000100000000)
  region size 1024K, 54 young (55296K), 3 survivors (3072K)
 Metaspace       used 157279K, committed 158656K, reserved 1245184K
  class space    used 20326K, committed 20992K, reserved 1048576K
}
Event: 2751.985 GC heap after
{Heap after GC invocations=196 (full 0):
 garbage-first heap   total 589824K, used 126941K [0x0000000080000000, 0x0000000100000000)
  region size 1024K, 6 young (6144K), 6 survivors (6144K)
 Metaspace       used 157279K, committed 158656K, reserved 1245184K
  class space    used 20326K, committed 20992K, reserved 1048576K
}
Event: 3033.650 GC heap before
{Heap before GC invocations=197 (full 0):
 garbage-first heap   total 505856K, used 461789K [0x0000000080000000, 0x0000000100000000)
  region size 1024K, 271 young (277504K), 6 survivors (6144K)
 Metaspace       used 157460K, committed 158912K, reserved 1245184K
  class space    used 20342K, committed 21056K, reserved 1048576K
}
Event: 3033.711 GC heap after
{Heap after GC invocations=198 (full 0):
 garbage-first heap   total 505856K, used 139613K [0x0000000080000000, 0x0000000100000000)
  region size 1024K, 19 young (19456K), 19 survivors (19456K)
 Metaspace       used 157460K, committed 158912K, reserved 1245184K
  class space    used 20342K, committed 21056K, reserved 1048576K
}
Event: 3033.727 GC heap before
{Heap before GC invocations=198 (full 0):
 garbage-first heap   total 505856K, used 144733K [0x0000000080000000, 0x0000000100000000)
  region size 1024K, 24 young (24576K), 19 survivors (19456K)
 Metaspace       used 157460K, committed 158912K, reserved 1245184K
  class space    used 20342K, committed 21056K, reserved 1048576K
}
Event: 3033.781 GC heap after
{Heap after GC invocations=199 (full 0):
 garbage-first heap   total 505856K, used 131534K [0x0000000080000000, 0x0000000100000000)
  region size 1024K, 2 young (2048K), 2 survivors (2048K)
 Metaspace       used 157460K, committed 158912K, reserved 1245184K
  class space    used 20342K, committed 21056K, reserved 1048576K
}
Event: 3035.315 GC heap before
{Heap before GC invocations=199 (full 0):
 garbage-first heap   total 505856K, used 252366K [0x0000000080000000, 0x0000000100000000)
  region size 1024K, 121 young (123904K), 2 survivors (2048K)
 Metaspace       used 157521K, committed 158912K, reserved 1245184K
  class space    used 20350K, committed 21056K, reserved 1048576K
}
Event: 3035.333 GC heap after
{Heap after GC invocations=200 (full 0):
 garbage-first heap   total 505856K, used 139526K [0x0000000080000000, 0x0000000100000000)
  region size 1024K, 10 young (10240K), 10 survivors (10240K)
 Metaspace       used 157521K, committed 158912K, reserved 1245184K
  class space    used 20350K, committed 21056K, reserved 1048576K
}
Event: 3036.472 GC heap before
{Heap before GC invocations=201 (full 0):
 garbage-first heap   total 505856K, used 434438K [0x0000000080000000, 0x0000000100000000)
  region size 1024K, 253 young (259072K), 10 survivors (10240K)
 Metaspace       used 157562K, committed 159040K, reserved 1245184K
  class space    used 20350K, committed 21056K, reserved 1048576K
}
Event: 3036.612 GC heap after
{Heap after GC invocations=202 (full 0):
 garbage-first heap   total 507904K, used 215203K [0x0000000080000000, 0x0000000100000000)
  region size 1024K, 32 young (32768K), 32 survivors (32768K)
 Metaspace       used 157562K, committed 159040K, reserved 1245184K
  class space    used 20350K, committed 21056K, reserved 1048576K
}
Event: 3036.677 GC heap before
{Heap before GC invocations=202 (full 0):
 garbage-first heap   total 507904K, used 216227K [0x0000000080000000, 0x0000000100000000)
  region size 1024K, 33 young (33792K), 32 survivors (32768K)
 Metaspace       used 157562K, committed 159040K, reserved 1245184K
  class space    used 20350K, committed 21056K, reserved 1048576K
}
Event: 3036.768 GC heap after
{Heap after GC invocations=203 (full 0):
 garbage-first heap   total 507904K, used 203776K [0x0000000080000000, 0x0000000100000000)
  region size 1024K, 2 young (2048K), 2 survivors (2048K)
 Metaspace       used 157562K, committed 159040K, reserved 1245184K
  class space    used 20350K, committed 21056K, reserved 1048576K
}
Event: 3036.937 GC heap before
{Heap before GC invocations=203 (full 0):
 garbage-first heap   total 507904K, used 212992K [0x0000000080000000, 0x0000000100000000)
  region size 1024K, 13 young (13312K), 2 survivors (2048K)
 Metaspace       used 157562K, committed 159040K, reserved 1245184K
  class space    used 20350K, committed 21056K, reserved 1048576K
}
Event: 3036.954 GC heap after
{Heap after GC invocations=204 (full 0):
 garbage-first heap   total 507904K, used 203661K [0x0000000080000000, 0x0000000100000000)
  region size 1024K, 2 young (2048K), 2 survivors (2048K)
 Metaspace       used 157562K, committed 159040K, reserved 1245184K
  class space    used 20350K, committed 21056K, reserved 1048576K
}
Event: 3039.712 GC heap before
{Heap before GC invocations=205 (full 0):
 garbage-first heap   total 507904K, used 414605K [0x0000000080000000, 0x0000000100000000)
  region size 1024K, 179 young (183296K), 2 survivors (2048K)
 Metaspace       used 157584K, committed 159040K, reserved 1245184K
  class space    used 20350K, committed 21056K, reserved 1048576K
}
Event: 3039.749 GC heap after
{Heap after GC invocations=206 (full 0):
 garbage-first heap   total 507904K, used 244928K [0x0000000080000000, 0x0000000100000000)
  region size 1024K, 14 young (14336K), 14 survivors (14336K)
 Metaspace       used 157584K, committed 159040K, reserved 1245184K
  class space    used 20350K, committed 21056K, reserved 1048576K
}
Event: 3039.778 GC heap before
{Heap before GC invocations=206 (full 0):
 garbage-first heap   total 507904K, used 255168K [0x0000000080000000, 0x0000000100000000)
  region size 1024K, 24 young (24576K), 14 survivors (14336K)
 Metaspace       used 157584K, committed 159040K, reserved 1245184K
  class space    used 20350K, committed 21056K, reserved 1048576K
}
Event: 3039.828 GC heap after
{Heap after GC invocations=207 (full 0):
 garbage-first heap   total 507904K, used 240301K [0x0000000080000000, 0x0000000100000000)
  region size 1024K, 1 young (1024K), 1 survivors (1024K)
 Metaspace       used 157584K, committed 159040K, reserved 1245184K
  class space    used 20350K, committed 21056K, reserved 1048576K
}
Event: 3039.880 GC heap before
{Heap before GC invocations=207 (full 0):
 garbage-first heap   total 507904K, used 248493K [0x0000000080000000, 0x0000000100000000)
  region size 1024K, 11 young (11264K), 1 survivors (1024K)
 Metaspace       used 157586K, committed 159040K, reserved 1245184K
  class space    used 20350K, committed 21056K, reserved 1048576K
}

