# JRE version: OpenJDK Runtime Environment (17.0.11) (build 17.0.11+0--11852314)
# Java VM: OpenJDK 64-Bit Server VM (17.0.11+0--11852314, mixed mode, tiered, compressed oops, compressed class ptrs, g1 gc, windows-amd64)
GC Precious Log:
 CPUs: 4 total, 4 available
 Memory: 8080M
 Large Page Support: Disabled
 NUMA Support: Disabled
 Compressed Oops: Enabled (32-bit)
 Heap Region Size: 1M
 Heap Min Capacity: 8M
 Heap Initial Capacity: 128M
 Heap Max Capacity: 2G
 Pre-touch: Disabled
 Parallel Workers: 4
 Concurrent Workers: 1
 Concurrent Refinement Workers: 4
 Periodic GC: Disabled
Heap:
 garbage-first heap   total 491520K, used 315895K [0x0000000080000000, 0x0000000100000000)
  region size 1024K, 15 young (15360K), 15 survivors (15360K)
 Metaspace       used 155153K, committed 156352K, reserved 1245184K
  class space    used 20839K, committed 21440K, reserved 1048576K
GC Heap History (20 events):
Event: 989.073 GC heap after
{Heap after GC invocations=121 (full 0):
 garbage-first heap   total 355328K, used 281916K [0x0000000080000000, 0x0000000100000000)
  region size 1024K, 4 young (4096K), 4 survivors (4096K)
 Metaspace       used 147821K, committed 149056K, reserved 1179648K
  class space    used 19578K, committed 20160K, reserved 1048576K
}
Event: 989.706 GC heap before
{Heap before GC invocations=121 (full 0):
 garbage-first heap   total 355328K, used 306492K [0x0000000080000000, 0x0000000100000000)
  region size 1024K, 29 young (29696K), 4 survivors (4096K)
 Metaspace       used 148473K, committed 149696K, reserved 1179648K
  class space    used 19667K, committed 20288K, reserved 1048576K
}
Event: 989.714 GC heap after
{Heap after GC invocations=122 (full 0):
 garbage-first heap   total 355328K, used 282716K [0x0000000080000000, 0x0000000100000000)
  region size 1024K, 1 young (1024K), 1 survivors (1024K)
 Metaspace       used 148473K, committed 149696K, reserved 1179648K
  class space    used 19667K, committed 20288K, reserved 1048576K
}
Event: 990.947 GC heap before
{Heap before GC invocations=122 (full 0):
 garbage-first heap   total 355328K, used 310364K [0x0000000080000000, 0x0000000100000000)
  region size 1024K, 27 young (27648K), 1 survivors (1024K)
 Metaspace       used 149112K, committed 150336K, reserved 1179648K
  class space    used 19760K, committed 20352K, reserved 1048576K
}
Event: 990.951 GC heap after
{Heap after GC invocations=123 (full 0):
 garbage-first heap   total 355328K, used 282759K [0x0000000080000000, 0x0000000100000000)
  region size 1024K, 1 young (1024K), 1 survivors (1024K)
 Metaspace       used 149112K, committed 150336K, reserved 1179648K
  class space    used 19760K, committed 20352K, reserved 1048576K
}
Event: 994.154 GC heap before
{Heap before GC invocations=123 (full 0):
 garbage-first heap   total 355328K, used 311431K [0x0000000080000000, 0x0000000100000000)
  region size 1024K, 28 young (28672K), 1 survivors (1024K)
 Metaspace       used 150106K, committed 151360K, reserved 1245184K
  class space    used 19922K, committed 20544K, reserved 1048576K
}
Event: 994.160 GC heap after
{Heap after GC invocations=124 (full 0):
 garbage-first heap   total 355328K, used 284230K [0x0000000080000000, 0x0000000100000000)
  region size 1024K, 3 young (3072K), 3 survivors (3072K)
 Metaspace       used 150106K, committed 151360K, reserved 1245184K
  class space    used 19922K, committed 20544K, reserved 1048576K
}
Event: 996.993 GC heap before
{Heap before GC invocations=124 (full 0):
 garbage-first heap   total 355328K, used 319046K [0x0000000080000000, 0x0000000100000000)
  region size 1024K, 29 young (29696K), 3 survivors (3072K)
 Metaspace       used 151415K, committed 152704K, reserved 1245184K
  class space    used 20104K, committed 20736K, reserved 1048576K
}
Event: 997.001 GC heap after
{Heap after GC invocations=125 (full 0):
 garbage-first heap   total 355328K, used 294690K [0x0000000080000000, 0x0000000100000000)
  region size 1024K, 4 young (4096K), 4 survivors (4096K)
 Metaspace       used 151415K, committed 152704K, reserved 1245184K
  class space    used 20104K, committed 20736K, reserved 1048576K
}
Event: 997.009 GC heap before
{Heap before GC invocations=125 (full 0):
 garbage-first heap   total 355328K, used 314146K [0x0000000080000000, 0x0000000100000000)
  region size 1024K, 10 young (10240K), 4 survivors (4096K)
 Metaspace       used 151440K, committed 152704K, reserved 1245184K
  class space    used 20105K, committed 20736K, reserved 1048576K
}
Event: 997.013 GC heap after
{Heap after GC invocations=126 (full 0):
 garbage-first heap   total 355328K, used 305281K [0x0000000080000000, 0x0000000100000000)
  region size 1024K, 3 young (3072K), 3 survivors (3072K)
 Metaspace       used 151440K, committed 152704K, reserved 1245184K
  class space    used 20105K, committed 20736K, reserved 1048576K
}
Event: 997.016 GC heap before
{Heap before GC invocations=126 (full 0):
 garbage-first heap   total 355328K, used 307329K [0x0000000080000000, 0x0000000100000000)
  region size 1024K, 5 young (5120K), 3 survivors (3072K)
 Metaspace       used 151441K, committed 152704K, reserved 1245184K
  class space    used 20105K, committed 20736K, reserved 1048576K
}
Event: 997.019 GC heap after
{Heap after GC invocations=127 (full 0):
 garbage-first heap   total 355328K, used 304737K [0x0000000080000000, 0x0000000100000000)
  region size 1024K, 1 young (1024K), 1 survivors (1024K)
 Metaspace       used 151441K, committed 152704K, reserved 1245184K
  class space    used 20105K, committed 20736K, reserved 1048576K
}
Event: 997.773 GC heap before
{Heap before GC invocations=128 (full 0):
 garbage-first heap   total 491520K, used 314977K [0x0000000080000000, 0x0000000100000000)
  region size 1024K, 24 young (24576K), 1 survivors (1024K)
 Metaspace       used 151585K, committed 152832K, reserved 1245184K
  class space    used 20160K, committed 20800K, reserved 1048576K
}
Event: 997.793 GC heap after
{Heap after GC invocations=129 (full 0):
 garbage-first heap   total 491520K, used 294956K [0x0000000080000000, 0x0000000100000000)
  region size 1024K, 3 young (3072K), 3 survivors (3072K)
 Metaspace       used 151585K, committed 152832K, reserved 1245184K
  class space    used 20160K, committed 20800K, reserved 1048576K
}
Event: 997.957 GC heap before
{Heap before GC invocations=129 (full 0):
 garbage-first heap   total 491520K, used 316460K [0x0000000080000000, 0x0000000100000000)
  region size 1024K, 24 young (24576K), 3 survivors (3072K)
 Metaspace       used 151589K, committed 152832K, reserved 1245184K
  class space    used 20162K, committed 20800K, reserved 1048576K
}
Event: 997.996 GC heap after
{Heap after GC invocations=130 (full 0):
 garbage-first heap   total 491520K, used 261713K [0x0000000080000000, 0x0000000100000000)
  region size 1024K, 3 young (3072K), 3 survivors (3072K)
 Metaspace       used 151589K, committed 152832K, reserved 1245184K
  class space    used 20162K, committed 20800K, reserved 1048576K
}
Event: 998.181 GC heap before
{Heap before GC invocations=130 (full 0):
 garbage-first heap   total 491520K, used 283217K [0x0000000080000000, 0x0000000100000000)
  region size 1024K, 24 young (24576K), 3 survivors (3072K)
 Metaspace       used 151870K, committed 153088K, reserved 1245184K
  class space    used 20203K, committed 20800K, reserved 1048576K
}
Event: 998.209 GC heap after
{Heap after GC invocations=131 (full 0):
 garbage-first heap   total 491520K, used 267767K [0x0000000080000000, 0x0000000100000000)
  region size 1024K, 3 young (3072K), 3 survivors (3072K)
 Metaspace       used 151870K, committed 153088K, reserved 1245184K
  class space    used 20203K, committed 20800K, reserved 1048576K
}
Event: 1001.163 GC heap before
{Heap before GC invocations=131 (full 0):
 garbage-first heap   total 491520K, used 380407K [0x0000000080000000, 0x0000000100000000)
  region size 1024K, 114 young (116736K), 3 survivors (3072K)
 Metaspace       used 155153K, committed 156352K, reserved 1245184K
  class space    used 20839K, committed 21440K, reserved 1048576K
}

