# JRE version: OpenJDK Runtime Environment (17.0.11) (build 17.0.11+0--11852314)
# Java VM: OpenJDK 64-Bit Server VM (17.0.11+0--11852314, mixed mode, tiered, compressed oops, compressed class ptrs, g1 gc, windows-amd64)
GC Precious Log:
 CPUs: 4 total, 4 available
 Memory: 8080M
 Large Page Support: Disabled
 NUMA Support: Disabled
 Compressed Oops: Enabled (32-bit)
 Heap Region Size: 1M
 Heap Min Capacity: 8M
 Heap Initial Capacity: 128M
 Heap Max Capacity: 2G
 Pre-touch: Disabled
 Parallel Workers: 4
 Concurrent Workers: 1
 Concurrent Refinement Workers: 4
 Periodic GC: Disabled
Heap:
 garbage-first heap   total 239616K, used 177077K [0x0000000080000000, 0x0000000100000000)
  region size 1024K, 38 young (38912K), 2 survivors (2048K)
 Metaspace       used 112607K, committed 113536K, reserved 1179648K
  class space    used 15071K, committed 15488K, reserved 1048576K
GC Heap History (20 events):
Event: 20.901 GC heap before
{Heap before GC invocations=47 (full 0):
 garbage-first heap   total 201728K, used 107380K [0x0000000080000000, 0x0000000100000000)
  region size 1024K, 9 young (9216K), 6 survivors (6144K)
 Metaspace       used 87588K, committed 88320K, reserved 1179648K
  class space    used 11960K, committed 12288K, reserved 1048576K
}
Event: 20.911 GC heap after
{Heap after GC invocations=48 (full 0):
 garbage-first heap   total 201728K, used 103855K [0x0000000080000000, 0x0000000100000000)
  region size 1024K, 1 young (1024K), 1 survivors (1024K)
 Metaspace       used 87588K, committed 88320K, reserved 1179648K
  class space    used 11960K, committed 12288K, reserved 1048576K
}
Event: 21.759 GC heap before
{Heap before GC invocations=48 (full 0):
 garbage-first heap   total 201728K, used 161199K [0x0000000080000000, 0x0000000100000000)
  region size 1024K, 59 young (60416K), 1 survivors (1024K)
 Metaspace       used 91639K, committed 92480K, reserved 1179648K
  class space    used 12483K, committed 12864K, reserved 1048576K
}
Event: 21.767 GC heap after
{Heap after GC invocations=49 (full 0):
 garbage-first heap   total 201728K, used 108460K [0x0000000080000000, 0x0000000100000000)
  region size 1024K, 6 young (6144K), 6 survivors (6144K)
 Metaspace       used 91639K, committed 92480K, reserved 1179648K
  class space    used 12483K, committed 12864K, reserved 1048576K
}
Event: 26.029 GC heap before
{Heap before GC invocations=50 (full 0):
 garbage-first heap   total 201728K, used 185260K [0x0000000080000000, 0x0000000100000000)
  region size 1024K, 62 young (63488K), 6 survivors (6144K)
 Metaspace       used 98017K, committed 98880K, reserved 1179648K
  class space    used 13290K, committed 13696K, reserved 1048576K
}
Event: 26.043 GC heap after
{Heap after GC invocations=51 (full 0):
 garbage-first heap   total 201728K, used 130290K [0x0000000080000000, 0x0000000100000000)
  region size 1024K, 7 young (7168K), 7 survivors (7168K)
 Metaspace       used 98017K, committed 98880K, reserved 1179648K
  class space    used 13290K, committed 13696K, reserved 1048576K
}
Event: 26.103 GC heap before
{Heap before GC invocations=51 (full 0):
 garbage-first heap   total 201728K, used 131314K [0x0000000080000000, 0x0000000100000000)
  region size 1024K, 9 young (9216K), 7 survivors (7168K)
 Metaspace       used 98434K, committed 99264K, reserved 1179648K
  class space    used 13338K, committed 13760K, reserved 1048576K
}
Event: 26.112 GC heap after
{Heap after GC invocations=52 (full 0):
 garbage-first heap   total 201728K, used 130312K [0x0000000080000000, 0x0000000100000000)
  region size 1024K, 1 young (1024K), 1 survivors (1024K)
 Metaspace       used 98434K, committed 99264K, reserved 1179648K
  class space    used 13338K, committed 13760K, reserved 1048576K
}
Event: 33.752 GC heap before
{Heap before GC invocations=52 (full 0):
 garbage-first heap   total 201728K, used 156936K [0x0000000080000000, 0x0000000100000000)
  region size 1024K, 29 young (29696K), 1 survivors (1024K)
 Metaspace       used 100483K, committed 101376K, reserved 1179648K
  class space    used 13605K, committed 14016K, reserved 1048576K
}
Event: 33.758 GC heap after
{Heap after GC invocations=53 (full 0):
 garbage-first heap   total 201728K, used 132214K [0x0000000080000000, 0x0000000100000000)
  region size 1024K, 3 young (3072K), 3 survivors (3072K)
 Metaspace       used 100483K, committed 101376K, reserved 1179648K
  class space    used 13605K, committed 14016K, reserved 1048576K
}
Event: 34.827 GC heap before
{Heap before GC invocations=54 (full 0):
 garbage-first heap   total 230400K, used 172150K [0x0000000080000000, 0x0000000100000000)
  region size 1024K, 40 young (40960K), 3 survivors (3072K)
 Metaspace       used 104795K, committed 105664K, reserved 1179648K
  class space    used 14172K, committed 14592K, reserved 1048576K
}
Event: 34.838 GC heap after
{Heap after GC invocations=55 (full 0):
 garbage-first heap   total 230400K, used 132934K [0x0000000080000000, 0x0000000100000000)
  region size 1024K, 4 young (4096K), 4 survivors (4096K)
 Metaspace       used 104795K, committed 105664K, reserved 1179648K
  class space    used 14172K, committed 14592K, reserved 1048576K
}
Event: 34.997 GC heap before
{Heap before GC invocations=55 (full 0):
 garbage-first heap   total 230400K, used 140102K [0x0000000080000000, 0x0000000100000000)
  region size 1024K, 11 young (11264K), 4 survivors (4096K)
 Metaspace       used 105249K, committed 106176K, reserved 1179648K
  class space    used 14240K, committed 14656K, reserved 1048576K
}
Event: 35.003 GC heap after
{Heap after GC invocations=56 (full 0):
 garbage-first heap   total 230400K, used 132764K [0x0000000080000000, 0x0000000100000000)
  region size 1024K, 1 young (1024K), 1 survivors (1024K)
 Metaspace       used 105249K, committed 106176K, reserved 1179648K
  class space    used 14240K, committed 14656K, reserved 1048576K
}
Event: 36.857 GC heap before
{Heap before GC invocations=56 (full 0):
 garbage-first heap   total 230400K, used 192156K [0x0000000080000000, 0x0000000100000000)
  region size 1024K, 59 young (60416K), 1 survivors (1024K)
 Metaspace       used 110914K, committed 111808K, reserved 1179648K
  class space    used 14889K, committed 15296K, reserved 1048576K
}
Event: 36.870 GC heap after
{Heap after GC invocations=57 (full 0):
 garbage-first heap   total 230400K, used 137049K [0x0000000080000000, 0x0000000100000000)
  region size 1024K, 5 young (5120K), 5 survivors (5120K)
 Metaspace       used 110914K, committed 111808K, reserved 1179648K
  class space    used 14889K, committed 15296K, reserved 1048576K
}
Event: 37.688 GC heap before
{Heap before GC invocations=58 (full 0):
 garbage-first heap   total 239616K, used 190297K [0x0000000080000000, 0x0000000100000000)
  region size 1024K, 58 young (59392K), 5 survivors (5120K)
 Metaspace       used 111098K, committed 111936K, reserved 1179648K
  class space    used 14904K, committed 15296K, reserved 1048576K
}
Event: 37.701 GC heap after
{Heap after GC invocations=59 (full 0):
 garbage-first heap   total 239616K, used 141217K [0x0000000080000000, 0x0000000100000000)
  region size 1024K, 5 young (5120K), 5 survivors (5120K)
 Metaspace       used 111098K, committed 111936K, reserved 1179648K
  class space    used 14904K, committed 15296K, reserved 1048576K
}
Event: 37.859 GC heap before
{Heap before GC invocations=59 (full 0):
 garbage-first heap   total 239616K, used 147361K [0x0000000080000000, 0x0000000100000000)
  region size 1024K, 11 young (11264K), 5 survivors (5120K)
 Metaspace       used 111157K, committed 112000K, reserved 1179648K
  class space    used 14905K, committed 15296K, reserved 1048576K
}
Event: 37.868 GC heap after
{Heap after GC invocations=60 (full 0):
 garbage-first heap   total 239616K, used 141237K [0x0000000080000000, 0x0000000100000000)
  region size 1024K, 2 young (2048K), 2 survivors (2048K)
 Metaspace       used 111157K, committed 112000K, reserved 1179648K
  class space    used 14905K, committed 15296K, reserved 1048576K
}

