# JRE version: OpenJDK Runtime Environment (17.0.11) (build 17.0.11+0--11852314)
# Java VM: OpenJDK 64-Bit Server VM (17.0.11+0--11852314, mixed mode, tiered, compressed oops, compressed class ptrs, g1 gc, windows-amd64)
GC Precious Log:
 CPUs: 4 total, 4 available
 Memory: 8080M
 Large Page Support: Disabled
 NUMA Support: Disabled
 Compressed Oops: Enabled (32-bit)
 Heap Region Size: 1M
 Heap Min Capacity: 8M
 Heap Initial Capacity: 128M
 Heap Max Capacity: 2G
 Pre-touch: Disabled
 Parallel Workers: 4
 Concurrent Workers: 1
 Concurrent Refinement Workers: 4
 Periodic GC: Disabled
Heap:
 garbage-first heap   total 306176K, used 175104K [0x0000000080000000, 0x0000000100000000)
  region size 1024K, 8 young (8192K), 8 survivors (8192K)
 Metaspace       used 125409K, committed 126272K, reserved 1179648K
  class space    used 16751K, committed 17152K, reserved 1048576K
GC Heap History (20 events):
Event: 65.825 GC heap after
{Heap after GC invocations=63 (full 0):
 garbage-first heap   total 217088K, used 172039K [0x0000000080000000, 0x0000000100000000)
  region size 1024K, 1 young (1024K), 1 survivors (1024K)
 Metaspace       used 119593K, committed 120448K, reserved 1179648K
  class space    used 15720K, committed 16128K, reserved 1048576K
}
Event: 68.570 GC heap before
{Heap before GC invocations=63 (full 0):
 garbage-first heap   total 217088K, used 189447K [0x0000000080000000, 0x0000000100000000)
  region size 1024K, 17 young (17408K), 1 survivors (1024K)
 Metaspace       used 120646K, committed 121536K, reserved 1179648K
  class space    used 15878K, committed 16320K, reserved 1048576K
}
Event: 68.575 GC heap after
{Heap after GC invocations=64 (full 0):
 garbage-first heap   total 217088K, used 173013K [0x0000000080000000, 0x0000000100000000)
  region size 1024K, 2 young (2048K), 2 survivors (2048K)
 Metaspace       used 120646K, committed 121536K, reserved 1179648K
  class space    used 15878K, committed 16320K, reserved 1048576K
}
Event: 71.354 GC heap before
{Heap before GC invocations=64 (full 0):
 garbage-first heap   total 217088K, used 190421K [0x0000000080000000, 0x0000000100000000)
  region size 1024K, 18 young (18432K), 2 survivors (2048K)
 Metaspace       used 121129K, committed 122048K, reserved 1179648K
  class space    used 15968K, committed 16384K, reserved 1048576K
}
Event: 71.360 GC heap after
{Heap after GC invocations=65 (full 0):
 garbage-first heap   total 217088K, used 173366K [0x0000000080000000, 0x0000000100000000)
  region size 1024K, 2 young (2048K), 2 survivors (2048K)
 Metaspace       used 121129K, committed 122048K, reserved 1179648K
  class space    used 15968K, committed 16384K, reserved 1048576K
}
Event: 73.096 GC heap before
{Heap before GC invocations=65 (full 0):
 garbage-first heap   total 217088K, used 193846K [0x0000000080000000, 0x0000000100000000)
  region size 1024K, 18 young (18432K), 2 survivors (2048K)
 Metaspace       used 122298K, committed 123264K, reserved 1179648K
  class space    used 16121K, committed 16576K, reserved 1048576K
}
Event: 73.101 GC heap after
{Heap after GC invocations=66 (full 0):
 garbage-first heap   total 217088K, used 176552K [0x0000000080000000, 0x0000000100000000)
  region size 1024K, 3 young (3072K), 3 survivors (3072K)
 Metaspace       used 122298K, committed 123264K, reserved 1179648K
  class space    used 16121K, committed 16576K, reserved 1048576K
}
Event: 73.685 GC heap before
{Heap before GC invocations=66 (full 0):
 garbage-first heap   total 217088K, used 192936K [0x0000000080000000, 0x0000000100000000)
  region size 1024K, 16 young (16384K), 3 survivors (3072K)
 Metaspace       used 122623K, committed 123520K, reserved 1179648K
  class space    used 16170K, committed 16576K, reserved 1048576K
}
Event: 73.691 GC heap after
{Heap after GC invocations=67 (full 0):
 garbage-first heap   total 217088K, used 183840K [0x0000000080000000, 0x0000000100000000)
  region size 1024K, 2 young (2048K), 2 survivors (2048K)
 Metaspace       used 122623K, committed 123520K, reserved 1179648K
  class space    used 16170K, committed 16576K, reserved 1048576K
}
Event: 73.699 GC heap before
{Heap before GC invocations=67 (full 0):
 garbage-first heap   total 217088K, used 195104K [0x0000000080000000, 0x0000000100000000)
  region size 1024K, 7 young (7168K), 2 survivors (2048K)
 Metaspace       used 122646K, committed 123520K, reserved 1179648K
  class space    used 16171K, committed 16576K, reserved 1048576K
}
Event: 73.702 GC heap after
{Heap after GC invocations=68 (full 0):
 garbage-first heap   total 217088K, used 189323K [0x0000000080000000, 0x0000000100000000)
  region size 1024K, 2 young (2048K), 2 survivors (2048K)
 Metaspace       used 122646K, committed 123520K, reserved 1179648K
  class space    used 16171K, committed 16576K, reserved 1048576K
}
Event: 73.705 GC heap before
{Heap before GC invocations=68 (full 0):
 garbage-first heap   total 217088K, used 193419K [0x0000000080000000, 0x0000000100000000)
  region size 1024K, 3 young (3072K), 2 survivors (2048K)
 Metaspace       used 122647K, committed 123520K, reserved 1179648K
  class space    used 16171K, committed 16576K, reserved 1048576K
}
Event: 73.707 GC heap after
{Heap after GC invocations=69 (full 0):
 garbage-first heap   total 217088K, used 190671K [0x0000000080000000, 0x0000000100000000)
  region size 1024K, 1 young (1024K), 1 survivors (1024K)
 Metaspace       used 122647K, committed 123520K, reserved 1179648K
  class space    used 16171K, committed 16576K, reserved 1048576K
}
Event: 75.097 GC heap before
{Heap before GC invocations=70 (full 0):
 garbage-first heap   total 306176K, used 185551K [0x0000000080000000, 0x0000000100000000)
  region size 1024K, 10 young (10240K), 1 survivors (1024K)
 Metaspace       used 122805K, committed 123712K, reserved 1179648K
  class space    used 16212K, committed 16640K, reserved 1048576K
}
Event: 75.106 GC heap after
{Heap after GC invocations=71 (full 0):
 garbage-first heap   total 306176K, used 174030K [0x0000000080000000, 0x0000000100000000)
  region size 1024K, 2 young (2048K), 2 survivors (2048K)
 Metaspace       used 122805K, committed 123712K, reserved 1179648K
  class space    used 16212K, committed 16640K, reserved 1048576K
}
Event: 75.243 GC heap before
{Heap before GC invocations=71 (full 0):
 garbage-first heap   total 306176K, used 185294K [0x0000000080000000, 0x0000000100000000)
  region size 1024K, 14 young (14336K), 2 survivors (2048K)
 Metaspace       used 122811K, committed 123712K, reserved 1179648K
  class space    used 16212K, committed 16640K, reserved 1048576K
}
Event: 75.261 GC heap after
{Heap after GC invocations=72 (full 0):
 garbage-first heap   total 306176K, used 150028K [0x0000000080000000, 0x0000000100000000)
  region size 1024K, 2 young (2048K), 2 survivors (2048K)
 Metaspace       used 122811K, committed 123712K, reserved 1179648K
  class space    used 16212K, committed 16640K, reserved 1048576K
}
Event: 75.362 GC heap before
{Heap before GC invocations=72 (full 0):
 garbage-first heap   total 306176K, used 161292K [0x0000000080000000, 0x0000000100000000)
  region size 1024K, 14 young (14336K), 2 survivors (2048K)
 Metaspace       used 122994K, committed 123904K, reserved 1179648K
  class space    used 16242K, committed 16640K, reserved 1048576K
}
Event: 75.380 GC heap after
{Heap after GC invocations=73 (full 0):
 garbage-first heap   total 306176K, used 151769K [0x0000000080000000, 0x0000000100000000)
  region size 1024K, 2 young (2048K), 2 survivors (2048K)
 Metaspace       used 122994K, committed 123904K, reserved 1179648K
  class space    used 16242K, committed 16640K, reserved 1048576K
}
Event: 76.088 GC heap before
{Heap before GC invocations=73 (full 0):
 garbage-first heap   total 306176K, used 213209K [0x0000000080000000, 0x0000000100000000)
  region size 1024K, 61 young (62464K), 2 survivors (2048K)
 Metaspace       used 125409K, committed 126272K, reserved 1179648K
  class space    used 16751K, committed 17152K, reserved 1048576K
}

