# JRE version: OpenJDK Runtime Environment (17.0.11) (build 17.0.11+0--11852314)
# Java VM: OpenJDK 64-Bit Server VM (17.0.11+0--11852314, mixed mode, tiered, compressed oops, compressed class ptrs, g1 gc, windows-amd64)
GC Precious Log:
 CPUs: 4 total, 4 available
 Memory: 8080M
 Large Page Support: Disabled
 NUMA Support: Disabled
 Compressed Oops: Enabled (32-bit)
 Heap Region Size: 1M
 Heap Min Capacity: 8M
 Heap Initial Capacity: 128M
 Heap Max Capacity: 2G
 Pre-touch: Disabled
 Parallel Workers: 4
 Concurrent Workers: 1
 Concurrent Refinement Workers: 4
 Periodic GC: Disabled
Heap:
 garbage-first heap   total 237568K, used 168428K [0x0000000080000000, 0x0000000100000000)
  region size 1024K, 12 young (12288K), 7 survivors (7168K)
 Metaspace       used 137030K, committed 137920K, reserved 1179648K
  class space    used 18391K, committed 18816K, reserved 1048576K
GC Heap History (20 events):
Event: 90.239 GC heap before
{Heap before GC invocations=59 (full 0):
 garbage-first heap   total 181248K, used 151827K [0x0000000080000000, 0x0000000100000000)
  region size 1024K, 26 young (26624K), 3 survivors (3072K)
 Metaspace       used 114349K, committed 115136K, reserved 1179648K
  class space    used 15422K, committed 15808K, reserved 1048576K
}
Event: 90.246 GC heap after
{Heap after GC invocations=60 (full 0):
 garbage-first heap   total 181248K, used 131209K [0x0000000080000000, 0x0000000100000000)
  region size 1024K, 2 young (2048K), 2 survivors (2048K)
 Metaspace       used 114349K, committed 115136K, reserved 1179648K
  class space    used 15422K, committed 15808K, reserved 1048576K
}
Event: 90.733 GC heap before
{Heap before GC invocations=61 (full 0):
 garbage-first heap   total 220160K, used 143497K [0x0000000080000000, 0x0000000100000000)
  region size 1024K, 24 young (24576K), 2 survivors (2048K)
 Metaspace       used 115798K, committed 116608K, reserved 1179648K
  class space    used 15630K, committed 16064K, reserved 1048576K
}
Event: 90.749 GC heap after
{Heap after GC invocations=62 (full 0):
 garbage-first heap   total 220160K, used 126605K [0x0000000080000000, 0x0000000100000000)
  region size 1024K, 3 young (3072K), 3 survivors (3072K)
 Metaspace       used 115798K, committed 116608K, reserved 1179648K
  class space    used 15630K, committed 16064K, reserved 1048576K
}
Event: 90.935 GC heap before
{Heap before GC invocations=62 (full 0):
 garbage-first heap   total 220160K, used 132749K [0x0000000080000000, 0x0000000100000000)
  region size 1024K, 10 young (10240K), 3 survivors (3072K)
 Metaspace       used 116555K, committed 117312K, reserved 1179648K
  class space    used 15752K, committed 16128K, reserved 1048576K
}
Event: 90.946 GC heap after
{Heap after GC invocations=63 (full 0):
 garbage-first heap   total 220160K, used 114215K [0x0000000080000000, 0x0000000100000000)
  region size 1024K, 1 young (1024K), 1 survivors (1024K)
 Metaspace       used 116555K, committed 117312K, reserved 1179648K
  class space    used 15752K, committed 16128K, reserved 1048576K
}
Event: 92.635 GC heap before
{Heap before GC invocations=63 (full 0):
 garbage-first heap   total 220160K, used 179751K [0x0000000080000000, 0x0000000100000000)
  region size 1024K, 66 young (67584K), 1 survivors (1024K)
 Metaspace       used 123468K, committed 124224K, reserved 1179648K
  class space    used 16749K, committed 17152K, reserved 1048576K
}
Event: 92.643 GC heap after
{Heap after GC invocations=64 (full 0):
 garbage-first heap   total 220160K, used 115516K [0x0000000080000000, 0x0000000100000000)
  region size 1024K, 3 young (3072K), 3 survivors (3072K)
 Metaspace       used 123468K, committed 124224K, reserved 1179648K
  class space    used 16749K, committed 17152K, reserved 1048576K
}
Event: 94.222 GC heap before
{Heap before GC invocations=64 (full 0):
 garbage-first heap   total 220160K, used 182076K [0x0000000080000000, 0x0000000100000000)
  region size 1024K, 68 young (69632K), 3 survivors (3072K)
 Metaspace       used 126762K, committed 127616K, reserved 1179648K
  class space    used 17137K, committed 17536K, reserved 1048576K
}
Event: 94.233 GC heap after
{Heap after GC invocations=65 (full 0):
 garbage-first heap   total 220160K, used 119956K [0x0000000080000000, 0x0000000100000000)
  region size 1024K, 7 young (7168K), 7 survivors (7168K)
 Metaspace       used 126762K, committed 127616K, reserved 1179648K
  class space    used 17137K, committed 17536K, reserved 1048576K
}
Event: 96.150 GC heap before
{Heap before GC invocations=65 (full 0):
 garbage-first heap   total 220160K, used 174228K [0x0000000080000000, 0x0000000100000000)
  region size 1024K, 53 young (54272K), 7 survivors (7168K)
 Metaspace       used 129912K, committed 130752K, reserved 1179648K
  class space    used 17706K, committed 18112K, reserved 1048576K
}
Event: 96.159 GC heap after
{Heap after GC invocations=66 (full 0):
 garbage-first heap   total 220160K, used 125737K [0x0000000080000000, 0x0000000100000000)
  region size 1024K, 3 young (3072K), 3 survivors (3072K)
 Metaspace       used 129912K, committed 130752K, reserved 1179648K
  class space    used 17706K, committed 18112K, reserved 1048576K
}
Event: 159.604 GC heap before
{Heap before GC invocations=67 (full 0):
 garbage-first heap   total 237568K, used 194345K [0x0000000080000000, 0x0000000100000000)
  region size 1024K, 59 young (60416K), 3 survivors (3072K)
 Metaspace       used 136256K, committed 137088K, reserved 1179648K
  class space    used 18361K, committed 18752K, reserved 1048576K
}
Event: 159.613 GC heap after
{Heap after GC invocations=68 (full 0):
 garbage-first heap   total 237568K, used 118171K [0x0000000080000000, 0x0000000100000000)
  region size 1024K, 3 young (3072K), 3 survivors (3072K)
 Metaspace       used 136256K, committed 137088K, reserved 1179648K
  class space    used 18361K, committed 18752K, reserved 1048576K
}
Event: 159.747 GC heap before
{Heap before GC invocations=68 (full 0):
 garbage-first heap   total 237568K, used 126363K [0x0000000080000000, 0x0000000100000000)
  region size 1024K, 11 young (11264K), 3 survivors (3072K)
 Metaspace       used 136301K, committed 137152K, reserved 1179648K
  class space    used 18362K, committed 18752K, reserved 1048576K
}
Event: 159.757 GC heap after
{Heap after GC invocations=69 (full 0):
 garbage-first heap   total 237568K, used 115796K [0x0000000080000000, 0x0000000100000000)
  region size 1024K, 1 young (1024K), 1 survivors (1024K)
 Metaspace       used 136301K, committed 137152K, reserved 1179648K
  class space    used 18362K, committed 18752K, reserved 1048576K
}
Event: 162.531 GC heap before
{Heap before GC invocations=69 (full 0):
 garbage-first heap   total 237568K, used 202836K [0x0000000080000000, 0x0000000100000000)
  region size 1024K, 84 young (86016K), 1 survivors (1024K)
 Metaspace       used 136991K, committed 137920K, reserved 1179648K
  class space    used 18391K, committed 18816K, reserved 1048576K
}
Event: 162.570 GC heap after
{Heap after GC invocations=70 (full 0):
 garbage-first heap   total 237568K, used 141161K [0x0000000080000000, 0x0000000100000000)
  region size 1024K, 11 young (11264K), 11 survivors (11264K)
 Metaspace       used 136991K, committed 137920K, reserved 1179648K
  class space    used 18391K, committed 18816K, reserved 1048576K
}
Event: 162.613 GC heap before
{Heap before GC invocations=70 (full 0):
 garbage-first heap   total 237568K, used 148329K [0x0000000080000000, 0x0000000100000000)
  region size 1024K, 19 young (19456K), 11 survivors (11264K)
 Metaspace       used 136994K, committed 137920K, reserved 1179648K
  class space    used 18391K, committed 18816K, reserved 1048576K
}
Event: 162.651 GC heap after
{Heap after GC invocations=71 (full 0):
 garbage-first heap   total 237568K, used 148972K [0x0000000080000000, 0x0000000100000000)
  region size 1024K, 7 young (7168K), 7 survivors (7168K)
 Metaspace       used 136994K, committed 137920K, reserved 1179648K
  class space    used 18391K, committed 18816K, reserved 1048576K
}

