# JRE version: OpenJDK Runtime Environment (17.0.11) (build 17.0.11+0--11852314)
# Java VM: OpenJDK 64-Bit Server VM (17.0.11+0--11852314, mixed mode, tiered, compressed oops, compressed class ptrs, g1 gc, windows-amd64)
GC Precious Log:
 CPUs: 4 total, 4 available
 Memory: 8080M
 Large Page Support: Disabled
 NUMA Support: Disabled
 Compressed Oops: Enabled (32-bit)
 Heap Region Size: 1M
 Heap Min Capacity: 8M
 Heap Initial Capacity: 128M
 Heap Max Capacity: 2G
 Pre-touch: Disabled
 Parallel Workers: 4
 Concurrent Workers: 1
 Concurrent Refinement Workers: 4
 Periodic GC: Disabled
Heap:
 garbage-first heap   total 321536K, used 187005K [0x0000000080000000, 0x0000000100000000)
  region size 1024K, 9 young (9216K), 6 survivors (6144K)
 Metaspace       used 131542K, committed 132416K, reserved 1179648K
  class space    used 17832K, committed 18240K, reserved 1048576K
GC Heap History (20 events):
Event: 317.789 GC heap before
{Heap before GC invocations=72 (full 0):
 garbage-first heap   total 302080K, used 206335K [0x0000000080000000, 0x0000000100000000)
  region size 1024K, 29 young (29696K), 1 survivors (1024K)
 Metaspace       used 107293K, committed 108160K, reserved 1179648K
  class space    used 14432K, committed 14848K, reserved 1048576K
}
Event: 317.793 GC heap after
{Heap after GC invocations=73 (full 0):
 garbage-first heap   total 302080K, used 178814K [0x0000000080000000, 0x0000000100000000)
  region size 1024K, 1 young (1024K), 1 survivors (1024K)
 Metaspace       used 107293K, committed 108160K, reserved 1179648K
  class space    used 14432K, committed 14848K, reserved 1048576K
}
Event: 321.590 GC heap before
{Heap before GC invocations=74 (full 0):
 garbage-first heap   total 321536K, used 257662K [0x0000000080000000, 0x0000000100000000)
  region size 1024K, 69 young (70656K), 1 survivors (1024K)
 Metaspace       used 116402K, committed 117248K, reserved 1179648K
  class space    used 15857K, committed 16256K, reserved 1048576K
}
Event: 321.599 GC heap after
{Heap after GC invocations=75 (full 0):
 garbage-first heap   total 321536K, used 181397K [0x0000000080000000, 0x0000000100000000)
  region size 1024K, 4 young (4096K), 4 survivors (4096K)
 Metaspace       used 116402K, committed 117248K, reserved 1179648K
  class space    used 15857K, committed 16256K, reserved 1048576K
}
Event: 322.909 GC heap before
{Heap before GC invocations=75 (full 0):
 garbage-first heap   total 321536K, used 192661K [0x0000000080000000, 0x0000000100000000)
  region size 1024K, 15 young (15360K), 4 survivors (4096K)
 Metaspace       used 117625K, committed 118400K, reserved 1179648K
  class space    used 16057K, committed 16448K, reserved 1048576K
}
Event: 322.921 GC heap after
{Heap after GC invocations=76 (full 0):
 garbage-first heap   total 321536K, used 177819K [0x0000000080000000, 0x0000000100000000)
  region size 1024K, 1 young (1024K), 1 survivors (1024K)
 Metaspace       used 117625K, committed 118400K, reserved 1179648K
  class space    used 16057K, committed 16448K, reserved 1048576K
}
Event: 330.791 GC heap before
{Heap before GC invocations=76 (full 0):
 garbage-first heap   total 321536K, used 263835K [0x0000000080000000, 0x0000000100000000)
  region size 1024K, 85 young (87040K), 1 survivors (1024K)
 Metaspace       used 125284K, committed 126208K, reserved 1179648K
  class space    used 17145K, committed 17600K, reserved 1048576K
}
Event: 330.798 GC heap after
{Heap after GC invocations=77 (full 0):
 garbage-first heap   total 321536K, used 180169K [0x0000000080000000, 0x0000000100000000)
  region size 1024K, 3 young (3072K), 3 survivors (3072K)
 Metaspace       used 125284K, committed 126208K, reserved 1179648K
  class space    used 17145K, committed 17600K, reserved 1048576K
}
Event: 332.961 GC heap before
{Heap before GC invocations=78 (full 0):
 garbage-first heap   total 321536K, used 271305K [0x0000000080000000, 0x0000000100000000)
  region size 1024K, 90 young (92160K), 3 survivors (3072K)
 Metaspace       used 127111K, committed 128000K, reserved 1179648K
  class space    used 17425K, committed 17856K, reserved 1048576K
}
Event: 332.972 GC heap after
{Heap after GC invocations=79 (full 0):
 garbage-first heap   total 321536K, used 185925K [0x0000000080000000, 0x0000000100000000)
  region size 1024K, 7 young (7168K), 7 survivors (7168K)
 Metaspace       used 127111K, committed 128000K, reserved 1179648K
  class space    used 17425K, committed 17856K, reserved 1048576K
}
Event: 333.069 GC heap before
{Heap before GC invocations=79 (full 0):
 garbage-first heap   total 321536K, used 194117K [0x0000000080000000, 0x0000000100000000)
  region size 1024K, 15 young (15360K), 7 survivors (7168K)
 Metaspace       used 127111K, committed 128000K, reserved 1179648K
  class space    used 17425K, committed 17856K, reserved 1048576K
}
Event: 333.082 GC heap after
{Heap after GC invocations=80 (full 0):
 garbage-first heap   total 321536K, used 184290K [0x0000000080000000, 0x0000000100000000)
  region size 1024K, 1 young (1024K), 1 survivors (1024K)
 Metaspace       used 127111K, committed 128000K, reserved 1179648K
  class space    used 17425K, committed 17856K, reserved 1048576K
}
Event: 334.179 GC heap before
{Heap before GC invocations=80 (full 0):
 garbage-first heap   total 321536K, used 271330K [0x0000000080000000, 0x0000000100000000)
  region size 1024K, 86 young (88064K), 1 survivors (1024K)
 Metaspace       used 127116K, committed 128000K, reserved 1179648K
  class space    used 17425K, committed 17856K, reserved 1048576K
}
Event: 334.181 GC heap after
{Heap after GC invocations=81 (full 0):
 garbage-first heap   total 321536K, used 183677K [0x0000000080000000, 0x0000000100000000)
  region size 1024K, 1 young (1024K), 1 survivors (1024K)
 Metaspace       used 127116K, committed 128000K, reserved 1179648K
  class space    used 17425K, committed 17856K, reserved 1048576K
}
Event: 335.985 GC heap before
{Heap before GC invocations=82 (full 0):
 garbage-first heap   total 321536K, used 273789K [0x0000000080000000, 0x0000000100000000)
  region size 1024K, 89 young (91136K), 1 survivors (1024K)
 Metaspace       used 127128K, committed 128000K, reserved 1179648K
  class space    used 17426K, committed 17856K, reserved 1048576K
}
Event: 335.990 GC heap after
{Heap after GC invocations=83 (full 0):
 garbage-first heap   total 321536K, used 183833K [0x0000000080000000, 0x0000000100000000)
  region size 1024K, 1 young (1024K), 1 survivors (1024K)
 Metaspace       used 127128K, committed 128000K, reserved 1179648K
  class space    used 17426K, committed 17856K, reserved 1048576K
}
Event: 336.917 GC heap before
{Heap before GC invocations=83 (full 0):
 garbage-first heap   total 321536K, used 197145K [0x0000000080000000, 0x0000000100000000)
  region size 1024K, 15 young (15360K), 1 survivors (1024K)
 Metaspace       used 128758K, committed 129600K, reserved 1179648K
  class space    used 17593K, committed 17984K, reserved 1048576K
}
Event: 336.924 GC heap after
{Heap after GC invocations=84 (full 0):
 garbage-first heap   total 321536K, used 180620K [0x0000000080000000, 0x0000000100000000)
  region size 1024K, 2 young (2048K), 2 survivors (2048K)
 Metaspace       used 128758K, committed 129600K, reserved 1179648K
  class space    used 17593K, committed 17984K, reserved 1048576K
}
Event: 348.013 GC heap before
{Heap before GC invocations=84 (full 0):
 garbage-first heap   total 321536K, used 274828K [0x0000000080000000, 0x0000000100000000)
  region size 1024K, 95 young (97280K), 2 survivors (2048K)
 Metaspace       used 131530K, committed 132352K, reserved 1179648K
  class space    used 17831K, committed 18240K, reserved 1048576K
}
Event: 348.028 GC heap after
{Heap after GC invocations=85 (full 0):
 garbage-first heap   total 321536K, used 184957K [0x0000000080000000, 0x0000000100000000)
  region size 1024K, 6 young (6144K), 6 survivors (6144K)
 Metaspace       used 131530K, committed 132352K, reserved 1179648K
  class space    used 17831K, committed 18240K, reserved 1048576K
}

