# JRE version: OpenJDK Runtime Environment (17.0.11) (build 17.0.11+0--11852314)
# Java VM: OpenJDK 64-Bit Server VM (17.0.11+0--11852314, mixed mode, tiered, compressed oops, compressed class ptrs, g1 gc, windows-amd64)
GC Precious Log:
 CPUs: 4 total, 4 available
 Memory: 8080M
 Large Page Support: Disabled
 NUMA Support: Disabled
 Compressed Oops: Enabled (32-bit)
 Heap Region Size: 1M
 Heap Min Capacity: 8M
 Heap Initial Capacity: 128M
 Heap Max Capacity: 2G
 Pre-touch: Disabled
 Parallel Workers: 4
 Concurrent Workers: 1
 Concurrent Refinement Workers: 4
 Periodic GC: Disabled
Heap:
 garbage-first heap   total 245760K, used 197385K [0x0000000080000000, 0x0000000100000000)
  region size 1024K, 1 young (1024K), 1 survivors (1024K)
 Metaspace       used 126174K, committed 127040K, reserved 1179648K
  class space    used 16542K, committed 16960K, reserved 1048576K
GC Heap History (20 events):
Event: 47.576 GC heap after
{Heap after GC invocations=45 (full 0):
 garbage-first heap   total 245760K, used 141271K [0x0000000080000000, 0x0000000100000000)
  region size 1024K, 2 young (2048K), 2 survivors (2048K)
 Metaspace       used 116191K, committed 117056K, reserved 1179648K
  class space    used 15243K, committed 15680K, reserved 1048576K
}
Event: 48.840 GC heap before
{Heap before GC invocations=45 (full 0):
 garbage-first heap   total 245760K, used 204759K [0x0000000080000000, 0x0000000100000000)
  region size 1024K, 61 young (62464K), 2 survivors (2048K)
 Metaspace       used 117122K, committed 117888K, reserved 1179648K
  class space    used 15340K, committed 15744K, reserved 1048576K
}
Event: 48.850 GC heap after
{Heap after GC invocations=46 (full 0):
 garbage-first heap   total 245760K, used 142042K [0x0000000080000000, 0x0000000100000000)
  region size 1024K, 3 young (3072K), 3 survivors (3072K)
 Metaspace       used 117122K, committed 117888K, reserved 1179648K
  class space    used 15340K, committed 15744K, reserved 1048576K
}
Event: 50.451 GC heap before
{Heap before GC invocations=46 (full 0):
 garbage-first heap   total 245760K, used 202458K [0x0000000080000000, 0x0000000100000000)
  region size 1024K, 63 young (64512K), 3 survivors (3072K)
 Metaspace       used 118798K, committed 119616K, reserved 1179648K
  class space    used 15538K, committed 15936K, reserved 1048576K
}
Event: 50.465 GC heap after
{Heap after GC invocations=47 (full 0):
 garbage-first heap   total 245760K, used 146834K [0x0000000080000000, 0x0000000100000000)
  region size 1024K, 7 young (7168K), 7 survivors (7168K)
 Metaspace       used 118798K, committed 119616K, reserved 1179648K
  class space    used 15538K, committed 15936K, reserved 1048576K
}
Event: 52.936 GC heap before
{Heap before GC invocations=47 (full 0):
 garbage-first heap   total 245760K, used 203154K [0x0000000080000000, 0x0000000100000000)
  region size 1024K, 63 young (64512K), 7 survivors (7168K)
 Metaspace       used 120584K, committed 121472K, reserved 1179648K
  class space    used 15752K, committed 16192K, reserved 1048576K
}
Event: 52.952 GC heap after
{Heap after GC invocations=48 (full 0):
 garbage-first heap   total 245760K, used 150368K [0x0000000080000000, 0x0000000100000000)
  region size 1024K, 6 young (6144K), 6 survivors (6144K)
 Metaspace       used 120584K, committed 121472K, reserved 1179648K
  class space    used 15752K, committed 16192K, reserved 1048576K
}
Event: 53.546 GC heap before
{Heap before GC invocations=48 (full 0):
 garbage-first heap   total 245760K, used 202592K [0x0000000080000000, 0x0000000100000000)
  region size 1024K, 58 young (59392K), 6 survivors (6144K)
 Metaspace       used 121697K, committed 122560K, reserved 1179648K
  class space    used 15901K, committed 16320K, reserved 1048576K
}
Event: 53.559 GC heap after
{Heap after GC invocations=49 (full 0):
 garbage-first heap   total 245760K, used 153456K [0x0000000080000000, 0x0000000100000000)
  region size 1024K, 5 young (5120K), 5 survivors (5120K)
 Metaspace       used 121697K, committed 122560K, reserved 1179648K
  class space    used 15901K, committed 16320K, reserved 1048576K
}
Event: 55.209 GC heap before
{Heap before GC invocations=49 (full 0):
 garbage-first heap   total 245760K, used 204656K [0x0000000080000000, 0x0000000100000000)
  region size 1024K, 56 young (57344K), 5 survivors (5120K)
 Metaspace       used 122280K, committed 123136K, reserved 1179648K
  class space    used 15971K, committed 16384K, reserved 1048576K
}
Event: 55.221 GC heap after
{Heap after GC invocations=50 (full 0):
 garbage-first heap   total 245760K, used 157133K [0x0000000080000000, 0x0000000100000000)
  region size 1024K, 6 young (6144K), 6 survivors (6144K)
 Metaspace       used 122280K, committed 123136K, reserved 1179648K
  class space    used 15971K, committed 16384K, reserved 1048576K
}
Event: 57.506 GC heap before
{Heap before GC invocations=50 (full 0):
 garbage-first heap   total 245760K, used 215501K [0x0000000080000000, 0x0000000100000000)
  region size 1024K, 53 young (54272K), 6 survivors (6144K)
 Metaspace       used 122614K, committed 123520K, reserved 1179648K
  class space    used 16012K, committed 16448K, reserved 1048576K
}
Event: 57.518 GC heap after
{Heap after GC invocations=51 (full 0):
 garbage-first heap   total 245760K, used 174685K [0x0000000080000000, 0x0000000100000000)
  region size 1024K, 7 young (7168K), 7 survivors (7168K)
 Metaspace       used 122614K, committed 123520K, reserved 1179648K
  class space    used 16012K, committed 16448K, reserved 1048576K
}
Event: 58.042 GC heap before
{Heap before GC invocations=51 (full 0):
 garbage-first heap   total 245760K, used 207453K [0x0000000080000000, 0x0000000100000000)
  region size 1024K, 37 young (37888K), 7 survivors (7168K)
 Metaspace       used 124605K, committed 125504K, reserved 1179648K
  class space    used 16318K, committed 16768K, reserved 1048576K
}
Event: 58.052 GC heap after
{Heap after GC invocations=52 (full 0):
 garbage-first heap   total 245760K, used 181741K [0x0000000080000000, 0x0000000100000000)
  region size 1024K, 4 young (4096K), 4 survivors (4096K)
 Metaspace       used 124605K, committed 125504K, reserved 1179648K
  class space    used 16318K, committed 16768K, reserved 1048576K
}
Event: 58.288 GC heap before
{Heap before GC invocations=52 (full 0):
 garbage-first heap   total 245760K, used 216557K [0x0000000080000000, 0x0000000100000000)
  region size 1024K, 30 young (30720K), 4 survivors (4096K)
 Metaspace       used 126161K, committed 127040K, reserved 1179648K
  class space    used 16542K, committed 16960K, reserved 1048576K
}
Event: 58.295 GC heap after
{Heap after GC invocations=53 (full 0):
 garbage-first heap   total 245760K, used 187773K [0x0000000080000000, 0x0000000100000000)
  region size 1024K, 3 young (3072K), 3 survivors (3072K)
 Metaspace       used 126161K, committed 127040K, reserved 1179648K
  class space    used 16542K, committed 16960K, reserved 1048576K
}
Event: 58.310 GC heap before
{Heap before GC invocations=53 (full 0):
 garbage-first heap   total 245760K, used 208253K [0x0000000080000000, 0x0000000100000000)
  region size 1024K, 13 young (13312K), 3 survivors (3072K)
 Metaspace       used 126174K, committed 127040K, reserved 1179648K
  class space    used 16542K, committed 16960K, reserved 1048576K
}
Event: 58.316 GC heap after
{Heap after GC invocations=54 (full 0):
 garbage-first heap   total 245760K, used 196247K [0x0000000080000000, 0x0000000100000000)
  region size 1024K, 4 young (4096K), 4 survivors (4096K)
 Metaspace       used 126174K, committed 127040K, reserved 1179648K
  class space    used 16542K, committed 16960K, reserved 1048576K
}
Event: 58.317 GC heap before
{Heap before GC invocations=54 (full 0):
 garbage-first heap   total 245760K, used 197271K [0x0000000080000000, 0x0000000100000000)
  region size 1024K, 5 young (5120K), 4 survivors (4096K)
 Metaspace       used 126174K, committed 127040K, reserved 1179648K
  class space    used 16542K, committed 16960K, reserved 1048576K
}

