# JRE version: OpenJDK Runtime Environment (17.0.11) (build 17.0.11+0--11852314)
# Java VM: OpenJDK 64-Bit Server VM (17.0.11+0--11852314, mixed mode, tiered, compressed oops, compressed class ptrs, g1 gc, windows-amd64)
GC Precious Log:
 CPUs: 4 total, 4 available
 Memory: 8080M
 Large Page Support: Disabled
 NUMA Support: Disabled
 Compressed Oops: Enabled (32-bit)
 Heap Region Size: 1M
 Heap Min Capacity: 8M
 Heap Initial Capacity: 128M
 Heap Max Capacity: 2G
 Pre-touch: Disabled
 Parallel Workers: 4
 Concurrent Workers: 1
 Concurrent Refinement Workers: 4
 Periodic GC: Disabled
Heap:
 garbage-first heap   total 329728K, used 225280K [0x0000000080000000, 0x0000000100000000)
  region size 1024K, 32 young (32768K), 11 survivors (11264K)
 Metaspace       used 115997K, committed 116800K, reserved 1179648K
  class space    used 15774K, committed 16192K, reserved 1048576K
GC Heap History (20 events):
Event: 31.360 GC heap before
{Heap before GC invocations=44 (full 0):
 garbage-first heap   total 329728K, used 160933K [0x0000000080000000, 0x0000000100000000)
  region size 1024K, 79 young (80896K), 6 survivors (6144K)
 Metaspace       used 100153K, committed 100928K, reserved 1179648K
  class space    used 13659K, committed 14080K, reserved 1048576K
}
Event: 31.382 GC heap after
{Heap after GC invocations=45 (full 0):
 garbage-first heap   total 329728K, used 97706K [0x0000000080000000, 0x0000000100000000)
  region size 1024K, 16 young (16384K), 16 survivors (16384K)
 Metaspace       used 100153K, committed 100928K, reserved 1179648K
  class space    used 13659K, committed 14080K, reserved 1048576K
}
Event: 33.993 GC heap before
{Heap before GC invocations=45 (full 0):
 garbage-first heap   total 329728K, used 149930K [0x0000000080000000, 0x0000000100000000)
  region size 1024K, 60 young (61440K), 16 survivors (16384K)
 Metaspace       used 100682K, committed 101440K, reserved 1179648K
  class space    used 13705K, committed 14080K, reserved 1048576K
}
Event: 34.046 GC heap after
{Heap after GC invocations=46 (full 0):
 garbage-first heap   total 329728K, used 116774K [0x0000000080000000, 0x0000000100000000)
  region size 1024K, 17 young (17408K), 17 survivors (17408K)
 Metaspace       used 100682K, committed 101440K, reserved 1179648K
  class space    used 13705K, committed 14080K, reserved 1048576K
}
Event: 37.269 GC heap before
{Heap before GC invocations=47 (full 0):
 garbage-first heap   total 329728K, used 230438K [0x0000000080000000, 0x0000000100000000)
  region size 1024K, 107 young (109568K), 17 survivors (17408K)
 Metaspace       used 102907K, committed 103680K, reserved 1179648K
  class space    used 13897K, committed 14272K, reserved 1048576K
}
Event: 37.313 GC heap after
{Heap after GC invocations=48 (full 0):
 garbage-first heap   total 329728K, used 125952K [0x0000000080000000, 0x0000000100000000)
  region size 1024K, 10 young (10240K), 10 survivors (10240K)
 Metaspace       used 102907K, committed 103680K, reserved 1179648K
  class space    used 13897K, committed 14272K, reserved 1048576K
}
Event: 37.510 GC heap before
{Heap before GC invocations=48 (full 0):
 garbage-first heap   total 329728K, used 131072K [0x0000000080000000, 0x0000000100000000)
  region size 1024K, 16 young (16384K), 10 survivors (10240K)
 Metaspace       used 103274K, committed 104000K, reserved 1179648K
  class space    used 13927K, committed 14272K, reserved 1048576K
}
Event: 37.528 GC heap after
{Heap after GC invocations=49 (full 0):
 garbage-first heap   total 329728K, used 127488K [0x0000000080000000, 0x0000000100000000)
  region size 1024K, 2 young (2048K), 2 survivors (2048K)
 Metaspace       used 103274K, committed 104000K, reserved 1179648K
  class space    used 13927K, committed 14272K, reserved 1048576K
}
Event: 39.161 GC heap before
{Heap before GC invocations=49 (full 0):
 garbage-first heap   total 329728K, used 230912K [0x0000000080000000, 0x0000000100000000)
  region size 1024K, 103 young (105472K), 2 survivors (2048K)
 Metaspace       used 105342K, committed 106112K, reserved 1179648K
  class space    used 14129K, committed 14528K, reserved 1048576K
}
Event: 39.174 GC heap after
{Heap after GC invocations=50 (full 0):
 garbage-first heap   total 329728K, used 132246K [0x0000000080000000, 0x0000000100000000)
  region size 1024K, 7 young (7168K), 7 survivors (7168K)
 Metaspace       used 105342K, committed 106112K, reserved 1179648K
  class space    used 14129K, committed 14528K, reserved 1048576K
}
Event: 41.761 GC heap before
{Heap before GC invocations=50 (full 0):
 garbage-first heap   total 329728K, used 235670K [0x0000000080000000, 0x0000000100000000)
  region size 1024K, 109 young (111616K), 7 survivors (7168K)
 Metaspace       used 107279K, committed 108160K, reserved 1179648K
  class space    used 14367K, committed 14784K, reserved 1048576K
}
Event: 41.777 GC heap after
{Heap after GC invocations=51 (full 0):
 garbage-first heap   total 329728K, used 135680K [0x0000000080000000, 0x0000000100000000)
  region size 1024K, 10 young (10240K), 10 survivors (10240K)
 Metaspace       used 107279K, committed 108160K, reserved 1179648K
  class space    used 14367K, committed 14784K, reserved 1048576K
}
Event: 42.107 GC heap before
{Heap before GC invocations=51 (full 0):
 garbage-first heap   total 329728K, used 152064K [0x0000000080000000, 0x0000000100000000)
  region size 1024K, 24 young (24576K), 10 survivors (10240K)
 Metaspace       used 107562K, committed 108352K, reserved 1179648K
  class space    used 14401K, committed 14784K, reserved 1048576K
}
Event: 42.120 GC heap after
{Heap after GC invocations=52 (full 0):
 garbage-first heap   total 329728K, used 139407K [0x0000000080000000, 0x0000000100000000)
  region size 1024K, 6 young (6144K), 6 survivors (6144K)
 Metaspace       used 107562K, committed 108352K, reserved 1179648K
  class space    used 14401K, committed 14784K, reserved 1048576K
}
Event: 45.327 GC heap before
{Heap before GC invocations=53 (full 0):
 garbage-first heap   total 329728K, used 284815K [0x0000000080000000, 0x0000000100000000)
  region size 1024K, 123 young (125952K), 6 survivors (6144K)
 Metaspace       used 113695K, committed 114496K, reserved 1179648K
  class space    used 15467K, committed 15872K, reserved 1048576K
}
Event: 45.403 GC heap after
{Heap after GC invocations=54 (full 0):
 garbage-first heap   total 329728K, used 178678K [0x0000000080000000, 0x0000000100000000)
  region size 1024K, 16 young (16384K), 16 survivors (16384K)
 Metaspace       used 113695K, committed 114496K, reserved 1179648K
  class space    used 15467K, committed 15872K, reserved 1048576K
}
Event: 45.426 GC heap before
{Heap before GC invocations=54 (full 0):
 garbage-first heap   total 329728K, used 179702K [0x0000000080000000, 0x0000000100000000)
  region size 1024K, 17 young (17408K), 16 survivors (16384K)
 Metaspace       used 113704K, committed 114496K, reserved 1179648K
  class space    used 15467K, committed 15872K, reserved 1048576K
}
Event: 45.461 GC heap after
{Heap after GC invocations=55 (full 0):
 garbage-first heap   total 329728K, used 165376K [0x0000000080000000, 0x0000000100000000)
  region size 1024K, 2 young (2048K), 2 survivors (2048K)
 Metaspace       used 113704K, committed 114496K, reserved 1179648K
  class space    used 15467K, committed 15872K, reserved 1048576K
}
Event: 45.984 GC heap before
{Heap before GC invocations=55 (full 0):
 garbage-first heap   total 329728K, used 247296K [0x0000000080000000, 0x0000000100000000)
  region size 1024K, 83 young (84992K), 2 survivors (2048K)
 Metaspace       used 113807K, committed 114624K, reserved 1179648K
  class space    used 15473K, committed 15872K, reserved 1048576K
}
Event: 46.055 GC heap after
{Heap after GC invocations=56 (full 0):
 garbage-first heap   total 329728K, used 205824K [0x0000000080000000, 0x0000000100000000)
  region size 1024K, 11 young (11264K), 11 survivors (11264K)
 Metaspace       used 113807K, committed 114624K, reserved 1179648K
  class space    used 15473K, committed 15872K, reserved 1048576K
}

