# JRE version: OpenJDK Runtime Environment (17.0.11) (build 17.0.11+0--11852314)
# Java VM: OpenJDK 64-Bit Server VM (17.0.11+0--11852314, mixed mode, tiered, compressed oops, compressed class ptrs, g1 gc, windows-amd64)
GC Precious Log:
 CPUs: 4 total, 4 available
 Memory: 8080M
 Large Page Support: Disabled
 NUMA Support: Disabled
 Compressed Oops: Enabled (32-bit)
 Heap Region Size: 1M
 Heap Min Capacity: 8M
 Heap Initial Capacity: 128M
 Heap Max Capacity: 2G
 Pre-touch: Disabled
 Parallel Workers: 4
 Concurrent Workers: 1
 Concurrent Refinement Workers: 4
 Periodic GC: Disabled
Heap:
 garbage-first heap   total 459776K, used 360960K [0x0000000080000000, 0x0000000100000000)
  region size 1024K, 6 young (6144K), 3 survivors (3072K)
 Metaspace       used 240603K, committed 242176K, reserved 1310720K
  class space    used 31251K, committed 32000K, reserved 1048576K
GC Heap History (20 events):
Event: 3862.448 GC heap before
{Heap before GC invocations=128 (full 0):
 garbage-first heap   total 459776K, used 368584K [0x0000000080000000, 0x0000000100000000)
  region size 1024K, 145 young (148480K), 1 survivors (1024K)
 Metaspace       used 223205K, committed 224640K, reserved 1245184K
  class space    used 29003K, committed 29696K, reserved 1048576K
}
Event: 3862.471 GC heap after
{Heap after GC invocations=129 (full 0):
 garbage-first heap   total 459776K, used 234092K [0x0000000080000000, 0x0000000100000000)
  region size 1024K, 13 young (13312K), 13 survivors (13312K)
 Metaspace       used 223205K, committed 224640K, reserved 1245184K
  class space    used 29003K, committed 29696K, reserved 1048576K
}
Event: 3872.393 GC heap before
{Heap before GC invocations=129 (full 0):
 garbage-first heap   total 459776K, used 404076K [0x0000000080000000, 0x0000000100000000)
  region size 1024K, 146 young (149504K), 13 survivors (13312K)
 Metaspace       used 224293K, committed 225728K, reserved 1245184K
  class space    used 29085K, committed 29760K, reserved 1048576K
}
Event: 3872.449 GC heap after
{Heap after GC invocations=130 (full 0):
 garbage-first heap   total 459776K, used 268418K [0x0000000080000000, 0x0000000100000000)
  region size 1024K, 19 young (19456K), 19 survivors (19456K)
 Metaspace       used 224293K, committed 225728K, reserved 1245184K
  class space    used 29085K, committed 29760K, reserved 1048576K
}
Event: 3875.654 GC heap before
{Heap before GC invocations=130 (full 0):
 garbage-first heap   total 459776K, used 373890K [0x0000000080000000, 0x0000000100000000)
  region size 1024K, 123 young (125952K), 19 survivors (19456K)
 Metaspace       used 228117K, committed 229632K, reserved 1310720K
  class space    used 29424K, committed 30144K, reserved 1048576K
}
Event: 3875.691 GC heap after
{Heap after GC invocations=131 (full 0):
 garbage-first heap   total 459776K, used 272384K [0x0000000080000000, 0x0000000100000000)
  region size 1024K, 3 young (3072K), 3 survivors (3072K)
 Metaspace       used 228117K, committed 229632K, reserved 1310720K
  class space    used 29424K, committed 30144K, reserved 1048576K
}
Event: 3882.928 GC heap before
{Heap before GC invocations=131 (full 0):
 garbage-first heap   total 459776K, used 379904K [0x0000000080000000, 0x0000000100000000)
  region size 1024K, 109 young (111616K), 3 survivors (3072K)
 Metaspace       used 232093K, committed 233600K, reserved 1310720K
  class space    used 29901K, committed 30656K, reserved 1048576K
}
Event: 3882.946 GC heap after
{Heap after GC invocations=132 (full 0):
 garbage-first heap   total 459776K, used 275968K [0x0000000080000000, 0x0000000100000000)
  region size 1024K, 6 young (6144K), 6 survivors (6144K)
 Metaspace       used 232093K, committed 233600K, reserved 1310720K
  class space    used 29901K, committed 30656K, reserved 1048576K
}
Event: 3891.669 GC heap before
{Heap before GC invocations=132 (full 0):
 garbage-first heap   total 459776K, used 397824K [0x0000000080000000, 0x0000000100000000)
  region size 1024K, 112 young (114688K), 6 survivors (6144K)
 Metaspace       used 234681K, committed 236160K, reserved 1310720K
  class space    used 30233K, committed 30976K, reserved 1048576K
}
Event: 3891.692 GC heap after
{Heap after GC invocations=133 (full 0):
 garbage-first heap   total 459776K, used 298936K [0x0000000080000000, 0x0000000100000000)
  region size 1024K, 14 young (14336K), 14 survivors (14336K)
 Metaspace       used 234681K, committed 236160K, reserved 1310720K
  class space    used 30233K, committed 30976K, reserved 1048576K
}
Event: 3893.766 GC heap before
{Heap before GC invocations=133 (full 0):
 garbage-first heap   total 459776K, used 363448K [0x0000000080000000, 0x0000000100000000)
  region size 1024K, 52 young (53248K), 14 survivors (14336K)
 Metaspace       used 237313K, committed 238912K, reserved 1310720K
  class space    used 30631K, committed 31424K, reserved 1048576K
}
Event: 3893.788 GC heap after
{Heap after GC invocations=134 (full 0):
 garbage-first heap   total 459776K, used 317572K [0x0000000080000000, 0x0000000100000000)
  region size 1024K, 6 young (6144K), 6 survivors (6144K)
 Metaspace       used 237313K, committed 238912K, reserved 1310720K
  class space    used 30631K, committed 31424K, reserved 1048576K
}
Event: 3896.238 GC heap before
{Heap before GC invocations=134 (full 0):
 garbage-first heap   total 459776K, used 396420K [0x0000000080000000, 0x0000000100000000)
  region size 1024K, 79 young (80896K), 6 survivors (6144K)
 Metaspace       used 240145K, committed 241600K, reserved 1310720K
  class space    used 31216K, committed 31936K, reserved 1048576K
}
Event: 3896.285 GC heap after
{Heap after GC invocations=135 (full 0):
 garbage-first heap   total 459776K, used 335872K [0x0000000080000000, 0x0000000100000000)
  region size 1024K, 10 young (10240K), 10 survivors (10240K)
 Metaspace       used 240145K, committed 241600K, reserved 1310720K
  class space    used 31216K, committed 31936K, reserved 1048576K
}
Event: 3896.913 GC heap before
{Heap before GC invocations=135 (full 0):
 garbage-first heap   total 459776K, used 388096K [0x0000000080000000, 0x0000000100000000)
  region size 1024K, 62 young (63488K), 10 survivors (10240K)
 Metaspace       used 240374K, committed 241920K, reserved 1310720K
  class space    used 31223K, committed 32000K, reserved 1048576K
}
Event: 3896.995 GC heap after
{Heap after GC invocations=136 (full 0):
 garbage-first heap   total 459776K, used 363520K [0x0000000080000000, 0x0000000100000000)
  region size 1024K, 8 young (8192K), 8 survivors (8192K)
 Metaspace       used 240374K, committed 241920K, reserved 1310720K
  class space    used 31223K, committed 32000K, reserved 1048576K
}
Event: 3897.309 GC heap before
{Heap before GC invocations=136 (full 0):
 garbage-first heap   total 459776K, used 390144K [0x0000000080000000, 0x0000000100000000)
  region size 1024K, 35 young (35840K), 8 survivors (8192K)
 Metaspace       used 240390K, committed 241920K, reserved 1310720K
  class space    used 31224K, committed 32000K, reserved 1048576K
}
Event: 3897.391 GC heap after
{Heap after GC invocations=137 (full 0):
 garbage-first heap   total 459776K, used 378368K [0x0000000080000000, 0x0000000100000000)
  region size 1024K, 5 young (5120K), 5 survivors (5120K)
 Metaspace       used 240390K, committed 241920K, reserved 1310720K
  class space    used 31224K, committed 32000K, reserved 1048576K
}
Event: 3897.962 GC heap before
{Heap before GC invocations=137 (full 0):
 garbage-first heap   total 459776K, used 394752K [0x0000000080000000, 0x0000000100000000)
  region size 1024K, 22 young (22528K), 5 survivors (5120K)
 Metaspace       used 240399K, committed 241920K, reserved 1310720K
  class space    used 31225K, committed 32000K, reserved 1048576K
}
Event: 3897.988 GC heap after
{Heap after GC invocations=138 (full 0):
 garbage-first heap   total 459776K, used 387584K [0x0000000080000000, 0x0000000100000000)
  region size 1024K, 3 young (3072K), 3 survivors (3072K)
 Metaspace       used 240399K, committed 241920K, reserved 1310720K
  class space    used 31225K, committed 32000K, reserved 1048576K
}

