# JRE version: OpenJDK Runtime Environment (17.0.11) (build 17.0.11+0--11852314)
# Java VM: OpenJDK 64-Bit Server VM (17.0.11+0--11852314, mixed mode, tiered, compressed oops, compressed class ptrs, g1 gc, windows-amd64)
GC Precious Log:
 CPUs: 4 total, 4 available
 Memory: 8080M
 Large Page Support: Disabled
 NUMA Support: Disabled
 Compressed Oops: Enabled (32-bit)
 Heap Region Size: 1M
 Heap Min Capacity: 8M
 Heap Initial Capacity: 128M
 Heap Max Capacity: 2G
 Pre-touch: Disabled
 Parallel Workers: 4
 Concurrent Workers: 1
 Concurrent Refinement Workers: 4
 Periodic GC: Disabled
Heap:
 garbage-first heap   total 291840K, used 234707K [0x0000000080000000, 0x0000000100000000)
  region size 1024K, 148 young (151552K), 5 survivors (5120K)
 Metaspace       used 68860K, committed 69440K, reserved 1114112K
  class space    used 9413K, committed 9664K, reserved 1048576K
GC Heap History (20 events):
Event: 66.495 GC heap before
{Heap before GC invocations=69 (full 0):
 garbage-first heap   total 201728K, used 171097K [0x0000000080000000, 0x0000000100000000)
  region size 1024K, 98 young (100352K), 8 survivors (8192K)
 Metaspace       used 58068K, committed 58560K, reserved 1114112K
  class space    used 7814K, committed 8000K, reserved 1048576K
}
Event: 66.503 GC heap after
{Heap after GC invocations=70 (full 0):
 garbage-first heap   total 242688K, used 80032K [0x0000000080000000, 0x0000000100000000)
  region size 1024K, 8 young (8192K), 8 survivors (8192K)
 Metaspace       used 58068K, committed 58560K, reserved 1114112K
  class space    used 7814K, committed 8000K, reserved 1048576K
}
Event: 66.887 GC heap before
{Heap before GC invocations=70 (full 0):
 garbage-first heap   total 242688K, used 208032K [0x0000000080000000, 0x0000000100000000)
  region size 1024K, 133 young (136192K), 8 survivors (8192K)
 Metaspace       used 58069K, committed 58560K, reserved 1114112K
  class space    used 7814K, committed 8000K, reserved 1048576K
}
Event: 66.895 GC heap after
{Heap after GC invocations=71 (full 0):
 garbage-first heap   total 242688K, used 81710K [0x0000000080000000, 0x0000000100000000)
  region size 1024K, 9 young (9216K), 9 survivors (9216K)
 Metaspace       used 58069K, committed 58560K, reserved 1114112K
  class space    used 7814K, committed 8000K, reserved 1048576K
}
Event: 67.616 GC heap before
{Heap before GC invocations=71 (full 0):
 garbage-first heap   total 242688K, used 207662K [0x0000000080000000, 0x0000000100000000)
  region size 1024K, 132 young (135168K), 9 survivors (9216K)
 Metaspace       used 58070K, committed 58560K, reserved 1114112K
  class space    used 7814K, committed 8000K, reserved 1048576K
}
Event: 67.624 GC heap after
{Heap after GC invocations=72 (full 0):
 garbage-first heap   total 242688K, used 82754K [0x0000000080000000, 0x0000000100000000)
  region size 1024K, 10 young (10240K), 10 survivors (10240K)
 Metaspace       used 58070K, committed 58560K, reserved 1114112K
  class space    used 7814K, committed 8000K, reserved 1048576K
}
Event: 69.732 GC heap before
{Heap before GC invocations=72 (full 0):
 garbage-first heap   total 242688K, used 206658K [0x0000000080000000, 0x0000000100000000)
  region size 1024K, 131 young (134144K), 10 survivors (10240K)
 Metaspace       used 58070K, committed 58560K, reserved 1114112K
  class space    used 7814K, committed 8000K, reserved 1048576K
}
Event: 69.741 GC heap after
{Heap after GC invocations=73 (full 0):
 garbage-first heap   total 242688K, used 83829K [0x0000000080000000, 0x0000000100000000)
  region size 1024K, 10 young (10240K), 10 survivors (10240K)
 Metaspace       used 58070K, committed 58560K, reserved 1114112K
  class space    used 7814K, committed 8000K, reserved 1048576K
}
Event: 70.549 GC heap before
{Heap before GC invocations=73 (full 0):
 garbage-first heap   total 242688K, used 206709K [0x0000000080000000, 0x0000000100000000)
  region size 1024K, 130 young (133120K), 10 survivors (10240K)
 Metaspace       used 58071K, committed 58560K, reserved 1114112K
  class space    used 7814K, committed 8000K, reserved 1048576K
}
Event: 70.559 GC heap after
{Heap after GC invocations=74 (full 0):
 garbage-first heap   total 242688K, used 85650K [0x0000000080000000, 0x0000000100000000)
  region size 1024K, 11 young (11264K), 11 survivors (11264K)
 Metaspace       used 58071K, committed 58560K, reserved 1114112K
  class space    used 7814K, committed 8000K, reserved 1048576K
}
Event: 71.054 GC heap before
{Heap before GC invocations=74 (full 0):
 garbage-first heap   total 242688K, used 205458K [0x0000000080000000, 0x0000000100000000)
  region size 1024K, 128 young (131072K), 11 survivors (11264K)
 Metaspace       used 58077K, committed 58560K, reserved 1114112K
  class space    used 7814K, committed 8000K, reserved 1048576K
}
Event: 71.064 GC heap after
{Heap after GC invocations=75 (full 0):
 garbage-first heap   total 242688K, used 86338K [0x0000000080000000, 0x0000000100000000)
  region size 1024K, 10 young (10240K), 10 survivors (10240K)
 Metaspace       used 58077K, committed 58560K, reserved 1114112K
  class space    used 7814K, committed 8000K, reserved 1048576K
}
Event: 71.418 GC heap before
{Heap before GC invocations=75 (full 0):
 garbage-first heap   total 242688K, used 207170K [0x0000000080000000, 0x0000000100000000)
  region size 1024K, 128 young (131072K), 10 survivors (10240K)
 Metaspace       used 58077K, committed 58560K, reserved 1114112K
  class space    used 7814K, committed 8000K, reserved 1048576K
}
Event: 71.428 GC heap after
{Heap after GC invocations=76 (full 0):
 garbage-first heap   total 242688K, used 82768K [0x0000000080000000, 0x0000000100000000)
  region size 1024K, 10 young (10240K), 10 survivors (10240K)
 Metaspace       used 58077K, committed 58560K, reserved 1114112K
  class space    used 7814K, committed 8000K, reserved 1048576K
}
Event: 103.248 GC heap before
{Heap before GC invocations=76 (full 0):
 garbage-first heap   total 242688K, used 210768K [0x0000000080000000, 0x0000000100000000)
  region size 1024K, 131 young (134144K), 10 survivors (10240K)
 Metaspace       used 58089K, committed 58560K, reserved 1114112K
  class space    used 7814K, committed 8000K, reserved 1048576K
}
Event: 103.254 GC heap after
{Heap after GC invocations=77 (full 0):
 garbage-first heap   total 291840K, used 83155K [0x0000000080000000, 0x0000000100000000)
  region size 1024K, 5 young (5120K), 5 survivors (5120K)
 Metaspace       used 58089K, committed 58560K, reserved 1114112K
  class space    used 7814K, committed 8000K, reserved 1048576K
}
Event: 103.764 GC heap before
{Heap before GC invocations=77 (full 0):
 garbage-first heap   total 291840K, used 253139K [0x0000000080000000, 0x0000000100000000)
  region size 1024K, 171 young (175104K), 5 survivors (5120K)
 Metaspace       used 58089K, committed 58560K, reserved 1114112K
  class space    used 7814K, committed 8000K, reserved 1048576K
}
Event: 103.772 GC heap after
{Heap after GC invocations=78 (full 0):
 garbage-first heap   total 291840K, used 86497K [0x0000000080000000, 0x0000000100000000)
  region size 1024K, 9 young (9216K), 9 survivors (9216K)
 Metaspace       used 58089K, committed 58560K, reserved 1114112K
  class space    used 7814K, committed 8000K, reserved 1048576K
}
Event: 104.582 GC heap before
{Heap before GC invocations=78 (full 0):
 garbage-first heap   total 291840K, used 255457K [0x0000000080000000, 0x0000000100000000)
  region size 1024K, 170 young (174080K), 9 survivors (9216K)
 Metaspace       used 58165K, committed 58624K, reserved 1114112K
  class space    used 7817K, committed 8000K, reserved 1048576K
}
Event: 104.587 GC heap after
{Heap after GC invocations=79 (full 0):
 garbage-first heap   total 291840K, used 83155K [0x0000000080000000, 0x0000000100000000)
  region size 1024K, 5 young (5120K), 5 survivors (5120K)
 Metaspace       used 58165K, committed 58624K, reserved 1114112K
  class space    used 7817K, committed 8000K, reserved 1048576K
}

