# JRE version: OpenJDK Runtime Environment (17.0.11) (build 17.0.11+0--11852314)
# Java VM: OpenJDK 64-Bit Server VM (17.0.11+0--11852314, mixed mode, tiered, compressed oops, compressed class ptrs, g1 gc, windows-amd64)
GC Precious Log:
 CPUs: 4 total, 4 available
 Memory: 8080M
 Large Page Support: Disabled
 NUMA Support: Disabled
 Compressed Oops: Enabled (32-bit)
 Heap Region Size: 1M
 Heap Min Capacity: 8M
 Heap Initial Capacity: 128M
 Heap Max Capacity: 2G
 Pre-touch: Disabled
 Parallel Workers: 4
 Concurrent Workers: 1
 Concurrent Refinement Workers: 4
 Periodic GC: Disabled
Heap:
 garbage-first heap   total 245760K, used 187392K [0x0000000080000000, 0x0000000100000000)
  region size 1024K, 22 young (22528K), 6 survivors (6144K)
 Metaspace       used 116944K, committed 117824K, reserved 1179648K
  class space    used 15660K, committed 16128K, reserved 1048576K
GC Heap History (20 events):
Event: 33.835 GC heap before
{Heap before GC invocations=39 (full 0):
 garbage-first heap   total 245760K, used 206848K [0x0000000080000000, 0x0000000100000000)
  region size 1024K, 68 young (69632K), 1 survivors (1024K)
 Metaspace       used 104546K, committed 105344K, reserved 1179648K
  class space    used 14120K, committed 14528K, reserved 1048576K
}
Event: 33.847 GC heap after
{Heap after GC invocations=40 (full 0):
 garbage-first heap   total 245760K, used 134024K [0x0000000080000000, 0x0000000100000000)
  region size 1024K, 9 young (9216K), 9 survivors (9216K)
 Metaspace       used 104546K, committed 105344K, reserved 1179648K
  class space    used 14120K, committed 14528K, reserved 1048576K
}
Event: 34.887 GC heap before
{Heap before GC invocations=40 (full 0):
 garbage-first heap   total 245760K, used 194440K [0x0000000080000000, 0x0000000100000000)
  region size 1024K, 69 young (70656K), 9 survivors (9216K)
 Metaspace       used 106081K, committed 106880K, reserved 1179648K
  class space    used 14262K, committed 14656K, reserved 1048576K
}
Event: 34.896 GC heap after
{Heap after GC invocations=41 (full 0):
 garbage-first heap   total 245760K, used 132848K [0x0000000080000000, 0x0000000100000000)
  region size 1024K, 2 young (2048K), 2 survivors (2048K)
 Metaspace       used 106081K, committed 106880K, reserved 1179648K
  class space    used 14262K, committed 14656K, reserved 1048576K
}
Event: 36.750 GC heap before
{Heap before GC invocations=41 (full 0):
 garbage-first heap   total 245760K, used 197360K [0x0000000080000000, 0x0000000100000000)
  region size 1024K, 66 young (67584K), 2 survivors (2048K)
 Metaspace       used 107154K, committed 108032K, reserved 1179648K
  class space    used 14362K, committed 14784K, reserved 1048576K
}
Event: 36.755 GC heap after
{Heap after GC invocations=42 (full 0):
 garbage-first heap   total 245760K, used 131626K [0x0000000080000000, 0x0000000100000000)
  region size 1024K, 1 young (1024K), 1 survivors (1024K)
 Metaspace       used 107154K, committed 108032K, reserved 1179648K
  class space    used 14362K, committed 14784K, reserved 1048576K
}
Event: 41.757 GC heap before
{Heap before GC invocations=42 (full 0):
 garbage-first heap   total 245760K, used 200234K [0x0000000080000000, 0x0000000100000000)
  region size 1024K, 69 young (70656K), 1 survivors (1024K)
 Metaspace       used 109485K, committed 110272K, reserved 1179648K
  class space    used 14645K, committed 15040K, reserved 1048576K
}
Event: 41.768 GC heap after
{Heap after GC invocations=43 (full 0):
 garbage-first heap   total 245760K, used 135535K [0x0000000080000000, 0x0000000100000000)
  region size 1024K, 5 young (5120K), 5 survivors (5120K)
 Metaspace       used 109485K, committed 110272K, reserved 1179648K
  class space    used 14645K, committed 15040K, reserved 1048576K
}
Event: 43.641 GC heap before
{Heap before GC invocations=43 (full 0):
 garbage-first heap   total 245760K, used 202095K [0x0000000080000000, 0x0000000100000000)
  region size 1024K, 71 young (72704K), 5 survivors (5120K)
 Metaspace       used 111152K, committed 111936K, reserved 1179648K
  class space    used 14860K, committed 15232K, reserved 1048576K
}
Event: 43.663 GC heap after
{Heap after GC invocations=44 (full 0):
 garbage-first heap   total 245760K, used 139944K [0x0000000080000000, 0x0000000100000000)
  region size 1024K, 9 young (9216K), 9 survivors (9216K)
 Metaspace       used 111152K, committed 111936K, reserved 1179648K
  class space    used 14860K, committed 15232K, reserved 1048576K
}
Event: 46.755 GC heap before
{Heap before GC invocations=44 (full 0):
 garbage-first heap   total 245760K, used 204456K [0x0000000080000000, 0x0000000100000000)
  region size 1024K, 73 young (74752K), 9 survivors (9216K)
 Metaspace       used 112108K, committed 112896K, reserved 1179648K
  class space    used 14990K, committed 15360K, reserved 1048576K
}
Event: 46.776 GC heap after
{Heap after GC invocations=45 (full 0):
 garbage-first heap   total 245760K, used 151655K [0x0000000080000000, 0x0000000100000000)
  region size 1024K, 10 young (10240K), 10 survivors (10240K)
 Metaspace       used 112108K, committed 112896K, reserved 1179648K
  class space    used 14990K, committed 15360K, reserved 1048576K
}
Event: 48.944 GC heap before
{Heap before GC invocations=45 (full 0):
 garbage-first heap   total 245760K, used 200807K [0x0000000080000000, 0x0000000100000000)
  region size 1024K, 59 young (60416K), 10 survivors (10240K)
 Metaspace       used 115011K, committed 115840K, reserved 1179648K
  class space    used 15428K, committed 15808K, reserved 1048576K
}
Event: 48.960 GC heap after
{Heap after GC invocations=46 (full 0):
 garbage-first heap   total 245760K, used 152804K [0x0000000080000000, 0x0000000100000000)
  region size 1024K, 5 young (5120K), 5 survivors (5120K)
 Metaspace       used 115011K, committed 115840K, reserved 1179648K
  class space    used 15428K, committed 15808K, reserved 1048576K
}
Event: 50.206 GC heap before
{Heap before GC invocations=46 (full 0):
 garbage-first heap   total 245760K, used 206052K [0x0000000080000000, 0x0000000100000000)
  region size 1024K, 54 young (55296K), 5 survivors (5120K)
 Metaspace       used 116161K, committed 116928K, reserved 1179648K
  class space    used 15565K, committed 15936K, reserved 1048576K
}
Event: 50.216 GC heap after
{Heap after GC invocations=47 (full 0):
 garbage-first heap   total 245760K, used 155865K [0x0000000080000000, 0x0000000100000000)
  region size 1024K, 5 young (5120K), 5 survivors (5120K)
 Metaspace       used 116161K, committed 116928K, reserved 1179648K
  class space    used 15565K, committed 15936K, reserved 1048576K
}
Event: 50.601 GC heap before
{Heap before GC invocations=47 (full 0):
 garbage-first heap   total 245760K, used 202969K [0x0000000080000000, 0x0000000100000000)
  region size 1024K, 52 young (53248K), 5 survivors (5120K)
 Metaspace       used 116844K, committed 117696K, reserved 1179648K
  class space    used 15644K, committed 16064K, reserved 1048576K
}
Event: 50.624 GC heap after
{Heap after GC invocations=48 (full 0):
 garbage-first heap   total 245760K, used 165559K [0x0000000080000000, 0x0000000100000000)
  region size 1024K, 7 young (7168K), 7 survivors (7168K)
 Metaspace       used 116844K, committed 117696K, reserved 1179648K
  class space    used 15644K, committed 16064K, reserved 1048576K
}
Event: 50.785 GC heap before
{Heap before GC invocations=48 (full 0):
 garbage-first heap   total 245760K, used 203447K [0x0000000080000000, 0x0000000100000000)
  region size 1024K, 44 young (45056K), 7 survivors (7168K)
 Metaspace       used 116918K, committed 117824K, reserved 1179648K
  class space    used 15654K, committed 16128K, reserved 1048576K
}
Event: 50.806 GC heap after
{Heap after GC invocations=49 (full 0):
 garbage-first heap   total 245760K, used 172032K [0x0000000080000000, 0x0000000100000000)
  region size 1024K, 6 young (6144K), 6 survivors (6144K)
 Metaspace       used 116918K, committed 117824K, reserved 1179648K
  class space    used 15654K, committed 16128K, reserved 1048576K
}

