# JRE version: OpenJDK Runtime Environment (17.0.11) (build 17.0.11+0--11852314)
# Java VM: OpenJDK 64-Bit Server VM (17.0.11+0--11852314, mixed mode, tiered, compressed oops, compressed class ptrs, g1 gc, windows-amd64)
GC Precious Log:
 CPUs: 4 total, 4 available
 Memory: 8080M
 Large Page Support: Disabled
 NUMA Support: Disabled
 Compressed Oops: Enabled (32-bit)
 Heap Region Size: 1M
 Heap Min Capacity: 8M
 Heap Initial Capacity: 128M
 Heap Max Capacity: 2G
 Pre-touch: Disabled
 Parallel Workers: 4
 Concurrent Workers: 1
 Concurrent Refinement Workers: 4
 Periodic GC: Disabled
Heap:
 garbage-first heap   total 273408K, used 198875K [0x0000000080000000, 0x0000000100000000)
  region size 1024K, 133 young (136192K), 11 survivors (11264K)
 Metaspace       used 98416K, committed 99136K, reserved 1179648K
  class space    used 13471K, committed 13824K, reserved 1048576K
GC Heap History (20 events):
Event: 17.120 GC heap before
{Heap before GC invocations=25 (full 0):
 garbage-first heap   total 96256K, used 72990K [0x0000000080000000, 0x0000000100000000)
  region size 1024K, 22 young (22528K), 1 survivors (1024K)
 Metaspace       used 62361K, committed 62976K, reserved 1114112K
  class space    used 8469K, committed 8768K, reserved 1048576K
}
Event: 17.123 GC heap after
{Heap after GC invocations=26 (full 0):
 garbage-first heap   total 96256K, used 52967K [0x0000000080000000, 0x0000000100000000)
  region size 1024K, 1 young (1024K), 1 survivors (1024K)
 Metaspace       used 62361K, committed 62976K, reserved 1114112K
  class space    used 8469K, committed 8768K, reserved 1048576K
}
Event: 17.181 GC heap before
{Heap before GC invocations=26 (full 0):
 garbage-first heap   total 96256K, used 56039K [0x0000000080000000, 0x0000000100000000)
  region size 1024K, 4 young (4096K), 1 survivors (1024K)
 Metaspace       used 62896K, committed 63424K, reserved 1114112K
  class space    used 8524K, committed 8768K, reserved 1048576K
}
Event: 17.186 GC heap after
{Heap after GC invocations=27 (full 0):
 garbage-first heap   total 96256K, used 52560K [0x0000000080000000, 0x0000000100000000)
  region size 1024K, 1 young (1024K), 1 survivors (1024K)
 Metaspace       used 62896K, committed 63424K, reserved 1114112K
  class space    used 8524K, committed 8768K, reserved 1048576K
}
Event: 18.395 GC heap before
{Heap before GC invocations=27 (full 0):
 garbage-first heap   total 96256K, used 77136K [0x0000000080000000, 0x0000000100000000)
  region size 1024K, 26 young (26624K), 1 survivors (1024K)
 Metaspace       used 65478K, committed 66048K, reserved 1114112K
  class space    used 8781K, committed 9024K, reserved 1048576K
}
Event: 18.399 GC heap after
{Heap after GC invocations=28 (full 0):
 garbage-first heap   total 96256K, used 53245K [0x0000000080000000, 0x0000000100000000)
  region size 1024K, 1 young (1024K), 1 survivors (1024K)
 Metaspace       used 65478K, committed 66048K, reserved 1114112K
  class space    used 8781K, committed 9024K, reserved 1048576K
}
Event: 19.033 GC heap before
{Heap before GC invocations=29 (full 0):
 garbage-first heap   total 96256K, used 78845K [0x0000000080000000, 0x0000000100000000)
  region size 1024K, 26 young (26624K), 1 survivors (1024K)
 Metaspace       used 68736K, committed 69376K, reserved 1114112K
  class space    used 9254K, committed 9536K, reserved 1048576K
}
Event: 19.038 GC heap after
{Heap after GC invocations=30 (full 0):
 garbage-first heap   total 96256K, used 56187K [0x0000000080000000, 0x0000000100000000)
  region size 1024K, 3 young (3072K), 3 survivors (3072K)
 Metaspace       used 68736K, committed 69376K, reserved 1114112K
  class space    used 9254K, committed 9536K, reserved 1048576K
}
Event: 19.041 GC heap before
{Heap before GC invocations=30 (full 0):
 garbage-first heap   total 96256K, used 57211K [0x0000000080000000, 0x0000000100000000)
  region size 1024K, 4 young (4096K), 3 survivors (3072K)
 Metaspace       used 68736K, committed 69376K, reserved 1114112K
  class space    used 9254K, committed 9536K, reserved 1048576K
}
Event: 19.048 GC heap after
{Heap after GC invocations=31 (full 0):
 garbage-first heap   total 96256K, used 56590K [0x0000000080000000, 0x0000000100000000)
  region size 1024K, 1 young (1024K), 1 survivors (1024K)
 Metaspace       used 68736K, committed 69376K, reserved 1114112K
  class space    used 9254K, committed 9536K, reserved 1048576K
}
Event: 19.518 GC heap before
{Heap before GC invocations=31 (full 0):
 garbage-first heap   total 96256K, used 83214K [0x0000000080000000, 0x0000000100000000)
  region size 1024K, 23 young (23552K), 1 survivors (1024K)
 Metaspace       used 69778K, committed 70400K, reserved 1114112K
  class space    used 9395K, committed 9664K, reserved 1048576K
}
Event: 19.523 GC heap after
{Heap after GC invocations=32 (full 0):
 garbage-first heap   total 96256K, used 62036K [0x0000000080000000, 0x0000000100000000)
  region size 1024K, 3 young (3072K), 3 survivors (3072K)
 Metaspace       used 69778K, committed 70400K, reserved 1114112K
  class space    used 9395K, committed 9664K, reserved 1048576K
}
Event: 19.958 GC heap before
{Heap before GC invocations=33 (full 0):
 garbage-first heap   total 107520K, used 78420K [0x0000000080000000, 0x0000000100000000)
  region size 1024K, 21 young (21504K), 3 survivors (3072K)
 Metaspace       used 71062K, committed 71680K, reserved 1114112K
  class space    used 9576K, committed 9856K, reserved 1048576K
}
Event: 19.963 GC heap after
{Heap after GC invocations=34 (full 0):
 garbage-first heap   total 107520K, used 60034K [0x0000000080000000, 0x0000000100000000)
  region size 1024K, 2 young (2048K), 2 survivors (2048K)
 Metaspace       used 71062K, committed 71680K, reserved 1114112K
  class space    used 9576K, committed 9856K, reserved 1048576K
}
Event: 20.013 GC heap before
{Heap before GC invocations=34 (full 0):
 garbage-first heap   total 107520K, used 63106K [0x0000000080000000, 0x0000000100000000)
  region size 1024K, 5 young (5120K), 2 survivors (2048K)
 Metaspace       used 71303K, committed 71936K, reserved 1114112K
  class space    used 9606K, committed 9920K, reserved 1048576K
}
Event: 20.018 GC heap after
{Heap after GC invocations=35 (full 0):
 garbage-first heap   total 273408K, used 60002K [0x0000000080000000, 0x0000000100000000)
  region size 1024K, 1 young (1024K), 1 survivors (1024K)
 Metaspace       used 71303K, committed 71936K, reserved 1114112K
  class space    used 9606K, committed 9920K, reserved 1048576K
}
Event: 24.638 GC heap before
{Heap before GC invocations=35 (full 0):
 garbage-first heap   total 273408K, used 179810K [0x0000000080000000, 0x0000000100000000)
  region size 1024K, 117 young (119808K), 1 survivors (1024K)
 Metaspace       used 81022K, committed 81600K, reserved 1179648K
  class space    used 10951K, committed 11264K, reserved 1048576K
}
Event: 24.648 GC heap after
{Heap after GC invocations=36 (full 0):
 garbage-first heap   total 273408K, used 64126K [0x0000000080000000, 0x0000000100000000)
  region size 1024K, 5 young (5120K), 5 survivors (5120K)
 Metaspace       used 81022K, committed 81600K, reserved 1179648K
  class space    used 10951K, committed 11264K, reserved 1048576K
}
Event: 29.204 GC heap before
{Heap before GC invocations=36 (full 0):
 garbage-first heap   total 273408K, used 206462K [0x0000000080000000, 0x0000000100000000)
  region size 1024K, 144 young (147456K), 5 survivors (5120K)
 Metaspace       used 92525K, committed 93248K, reserved 1179648K
  class space    used 12779K, committed 13120K, reserved 1048576K
}
Event: 29.224 GC heap after
{Heap after GC invocations=37 (full 0):
 garbage-first heap   total 273408K, used 70875K [0x0000000080000000, 0x0000000100000000)
  region size 1024K, 11 young (11264K), 11 survivors (11264K)
 Metaspace       used 92525K, committed 93248K, reserved 1179648K
  class space    used 12779K, committed 13120K, reserved 1048576K
}

