# JRE version: OpenJDK Runtime Environment (17.0.11) (build 17.0.11+0--11852314)
# Java VM: OpenJDK 64-Bit Server VM (17.0.11+0--11852314, mixed mode, tiered, compressed oops, compressed class ptrs, g1 gc, windows-amd64)
GC Precious Log:
 CPUs: 4 total, 4 available
 Memory: 8080M
 Large Page Support: Disabled
 NUMA Support: Disabled
 Compressed Oops: Enabled (32-bit)
 Heap Region Size: 1M
 Heap Min Capacity: 8M
 Heap Initial Capacity: 128M
 Heap Max Capacity: 2G
 Pre-touch: Disabled
 Parallel Workers: 4
 Concurrent Workers: 1
 Concurrent Refinement Workers: 4
 Periodic GC: Disabled
Heap:
 garbage-first heap   total 217088K, used 97790K [0x0000000080000000, 0x0000000100000000)
  region size 1024K, 5 young (5120K), 5 survivors (5120K)
 Metaspace       used 101996K, committed 102784K, reserved 1179648K
  class space    used 13938K, committed 14272K, reserved 1048576K
GC Heap History (20 events):
Event: 14.899 GC heap after
{Heap after GC invocations=33 (full 0):
 garbage-first heap   total 217088K, used 66358K [0x0000000080000000, 0x0000000100000000)
  region size 1024K, 1 young (1024K), 1 survivors (1024K)
 Metaspace       used 78288K, committed 78912K, reserved 1179648K
  class space    used 10548K, committed 10880K, reserved 1048576K
}
Event: 15.309 GC heap before
{Heap before GC invocations=33 (full 0):
 garbage-first heap   total 217088K, used 89910K [0x0000000080000000, 0x0000000100000000)
  region size 1024K, 25 young (25600K), 1 survivors (1024K)
 Metaspace       used 79979K, committed 80640K, reserved 1179648K
  class space    used 10791K, committed 11136K, reserved 1048576K
}
Event: 15.313 GC heap after
{Heap after GC invocations=34 (full 0):
 garbage-first heap   total 217088K, used 66846K [0x0000000080000000, 0x0000000100000000)
  region size 1024K, 2 young (2048K), 2 survivors (2048K)
 Metaspace       used 79979K, committed 80640K, reserved 1179648K
  class space    used 10791K, committed 11136K, reserved 1048576K
}
Event: 17.591 GC heap before
{Heap before GC invocations=35 (full 0):
 garbage-first heap   total 217088K, used 180510K [0x0000000080000000, 0x0000000100000000)
  region size 1024K, 112 young (114688K), 2 survivors (2048K)
 Metaspace       used 88280K, committed 88960K, reserved 1179648K
  class space    used 12162K, committed 12480K, reserved 1048576K
}
Event: 17.605 GC heap after
{Heap after GC invocations=36 (full 0):
 garbage-first heap   total 217088K, used 71299K [0x0000000080000000, 0x0000000100000000)
  region size 1024K, 6 young (6144K), 6 survivors (6144K)
 Metaspace       used 88280K, committed 88960K, reserved 1179648K
  class space    used 12162K, committed 12480K, reserved 1048576K
}
Event: 17.699 GC heap before
{Heap before GC invocations=36 (full 0):
 garbage-first heap   total 217088K, used 75395K [0x0000000080000000, 0x0000000100000000)
  region size 1024K, 10 young (10240K), 6 survivors (6144K)
 Metaspace       used 88568K, committed 89280K, reserved 1179648K
  class space    used 12199K, committed 12544K, reserved 1048576K
}
Event: 17.709 GC heap after
{Heap after GC invocations=37 (full 0):
 garbage-first heap   total 217088K, used 71505K [0x0000000080000000, 0x0000000100000000)
  region size 1024K, 1 young (1024K), 1 survivors (1024K)
 Metaspace       used 88568K, committed 89280K, reserved 1179648K
  class space    used 12199K, committed 12544K, reserved 1048576K
}
Event: 19.405 GC heap before
{Heap before GC invocations=37 (full 0):
 garbage-first heap   total 217088K, used 158545K [0x0000000080000000, 0x0000000100000000)
  region size 1024K, 88 young (90112K), 1 survivors (1024K)
 Metaspace       used 95412K, committed 96256K, reserved 1179648K
  class space    used 13117K, committed 13504K, reserved 1048576K
}
Event: 19.417 GC heap after
{Heap after GC invocations=38 (full 0):
 garbage-first heap   total 217088K, used 78568K [0x0000000080000000, 0x0000000100000000)
  region size 1024K, 8 young (8192K), 8 survivors (8192K)
 Metaspace       used 95412K, committed 96256K, reserved 1179648K
  class space    used 13117K, committed 13504K, reserved 1048576K
}
Event: 21.643 GC heap before
{Heap before GC invocations=39 (full 0):
 garbage-first heap   total 217088K, used 179944K [0x0000000080000000, 0x0000000100000000)
  region size 1024K, 103 young (105472K), 8 survivors (8192K)
 Metaspace       used 98592K, committed 99392K, reserved 1179648K
  class space    used 13506K, committed 13888K, reserved 1048576K
}
Event: 21.664 GC heap after
{Heap after GC invocations=40 (full 0):
 garbage-first heap   total 217088K, used 85922K [0x0000000080000000, 0x0000000100000000)
  region size 1024K, 8 young (8192K), 8 survivors (8192K)
 Metaspace       used 98592K, committed 99392K, reserved 1179648K
  class space    used 13506K, committed 13888K, reserved 1048576K
}
Event: 21.719 GC heap before
{Heap before GC invocations=40 (full 0):
 garbage-first heap   total 217088K, used 87970K [0x0000000080000000, 0x0000000100000000)
  region size 1024K, 10 young (10240K), 8 survivors (8192K)
 Metaspace       used 98630K, committed 99392K, reserved 1179648K
  class space    used 13508K, committed 13888K, reserved 1048576K
}
Event: 21.731 GC heap after
{Heap after GC invocations=41 (full 0):
 garbage-first heap   total 217088K, used 86361K [0x0000000080000000, 0x0000000100000000)
  region size 1024K, 2 young (2048K), 2 survivors (2048K)
 Metaspace       used 98630K, committed 99392K, reserved 1179648K
  class space    used 13508K, committed 13888K, reserved 1048576K
}
Event: 23.310 GC heap before
{Heap before GC invocations=41 (full 0):
 garbage-first heap   total 217088K, used 174425K [0x0000000080000000, 0x0000000100000000)
  region size 1024K, 89 young (91136K), 2 survivors (2048K)
 Metaspace       used 99521K, committed 100288K, reserved 1179648K
  class space    used 13628K, committed 14016K, reserved 1048576K
}
Event: 23.322 GC heap after
{Heap after GC invocations=42 (full 0):
 garbage-first heap   total 217088K, used 90735K [0x0000000080000000, 0x0000000100000000)
  region size 1024K, 6 young (6144K), 6 survivors (6144K)
 Metaspace       used 99521K, committed 100288K, reserved 1179648K
  class space    used 13628K, committed 14016K, reserved 1048576K
}
Event: 25.047 GC heap before
{Heap before GC invocations=43 (full 0):
 garbage-first heap   total 217088K, used 175727K [0x0000000080000000, 0x0000000100000000)
  region size 1024K, 90 young (92160K), 6 survivors (6144K)
 Metaspace       used 101448K, committed 102272K, reserved 1179648K
  class space    used 13886K, committed 14272K, reserved 1048576K
}
Event: 25.064 GC heap after
{Heap after GC invocations=44 (full 0):
 garbage-first heap   total 217088K, used 95697K [0x0000000080000000, 0x0000000100000000)
  region size 1024K, 11 young (11264K), 11 survivors (11264K)
 Metaspace       used 101448K, committed 102272K, reserved 1179648K
  class space    used 13886K, committed 14272K, reserved 1048576K
}
Event: 25.074 GC heap before
{Heap before GC invocations=44 (full 0):
 garbage-first heap   total 217088K, used 95697K [0x0000000080000000, 0x0000000100000000)
  region size 1024K, 12 young (12288K), 11 survivors (11264K)
 Metaspace       used 101498K, committed 102272K, reserved 1179648K
  class space    used 13891K, committed 14272K, reserved 1048576K
}
Event: 25.088 GC heap after
{Heap after GC invocations=45 (full 0):
 garbage-first heap   total 217088K, used 95045K [0x0000000080000000, 0x0000000100000000)
  region size 1024K, 2 young (2048K), 2 survivors (2048K)
 Metaspace       used 101498K, committed 102272K, reserved 1179648K
  class space    used 13891K, committed 14272K, reserved 1048576K
}
Event: 25.629 GC heap before
{Heap before GC invocations=45 (full 0):
 garbage-first heap   total 217088K, used 120645K [0x0000000080000000, 0x0000000100000000)
  region size 1024K, 29 young (29696K), 2 survivors (2048K)
 Metaspace       used 101996K, committed 102784K, reserved 1179648K
  class space    used 13938K, committed 14272K, reserved 1048576K
}

