# JRE version: OpenJDK Runtime Environment (17.0.11) (build 17.0.11+0--11852314)
# Java VM: OpenJDK 64-Bit Server VM (17.0.11+0--11852314, mixed mode, tiered, compressed oops, compressed class ptrs, g1 gc, windows-amd64)
GC Precious Log:
 CPUs: 4 total, 4 available
 Memory: 8080M
 Large Page Support: Disabled
 NUMA Support: Disabled
 Compressed Oops: Enabled (32-bit)
 Heap Region Size: 1M
 Heap Min Capacity: 8M
 Heap Initial Capacity: 128M
 Heap Max Capacity: 2G
 Pre-touch: Disabled
 Parallel Workers: 4
 Concurrent Workers: 1
 Concurrent Refinement Workers: 4
 Periodic GC: Disabled
Heap:
 garbage-first heap   total 199680K, used 136422K [0x0000000080000000, 0x0000000100000000)
  region size 1024K, 3 young (3072K), 3 survivors (3072K)
 Metaspace       used 113786K, committed 114624K, reserved 1179648K
  class space    used 15195K, committed 15616K, reserved 1048576K
GC Heap History (20 events):
Event: 120.121 GC heap after
{Heap after GC invocations=56 (full 0):
 garbage-first heap   total 143360K, used 87703K [0x0000000080000000, 0x0000000100000000)
  region size 1024K, 4 young (4096K), 4 survivors (4096K)
 Metaspace       used 109363K, committed 110080K, reserved 1179648K
  class space    used 14683K, committed 15040K, reserved 1048576K
}
Event: 123.218 GC heap before
{Heap before GC invocations=57 (full 0):
 garbage-first heap   total 157696K, used 117399K [0x0000000080000000, 0x0000000100000000)
  region size 1024K, 34 young (34816K), 4 survivors (4096K)
 Metaspace       used 110647K, committed 111360K, reserved 1179648K
  class space    used 14901K, committed 15232K, reserved 1048576K
}
Event: 123.232 GC heap after
{Heap after GC invocations=58 (full 0):
 garbage-first heap   total 157696K, used 92230K [0x0000000080000000, 0x0000000100000000)
  region size 1024K, 5 young (5120K), 5 survivors (5120K)
 Metaspace       used 110647K, committed 111360K, reserved 1179648K
  class space    used 14901K, committed 15232K, reserved 1048576K
}
Event: 123.357 GC heap before
{Heap before GC invocations=58 (full 0):
 garbage-first heap   total 157696K, used 94278K [0x0000000080000000, 0x0000000100000000)
  region size 1024K, 7 young (7168K), 5 survivors (5120K)
 Metaspace       used 110647K, committed 111360K, reserved 1179648K
  class space    used 14901K, committed 15232K, reserved 1048576K
}
Event: 123.373 GC heap after
{Heap after GC invocations=59 (full 0):
 garbage-first heap   total 157696K, used 91078K [0x0000000080000000, 0x0000000100000000)
  region size 1024K, 1 young (1024K), 1 survivors (1024K)
 Metaspace       used 110647K, committed 111360K, reserved 1179648K
  class space    used 14901K, committed 15232K, reserved 1048576K
}
Event: 125.241 GC heap before
{Heap before GC invocations=59 (full 0):
 garbage-first heap   total 157696K, used 128966K [0x0000000080000000, 0x0000000100000000)
  region size 1024K, 39 young (39936K), 1 survivors (1024K)
 Metaspace       used 111110K, committed 111872K, reserved 1179648K
  class space    used 14945K, committed 15296K, reserved 1048576K
}
Event: 125.248 GC heap after
{Heap after GC invocations=60 (full 0):
 garbage-first heap   total 157696K, used 94238K [0x0000000080000000, 0x0000000100000000)
  region size 1024K, 5 young (5120K), 5 survivors (5120K)
 Metaspace       used 111110K, committed 111872K, reserved 1179648K
  class space    used 14945K, committed 15296K, reserved 1048576K
}
Event: 127.721 GC heap before
{Heap before GC invocations=60 (full 0):
 garbage-first heap   total 157696K, used 128030K [0x0000000080000000, 0x0000000100000000)
  region size 1024K, 39 young (39936K), 5 survivors (5120K)
 Metaspace       used 113033K, committed 113856K, reserved 1179648K
  class space    used 15145K, committed 15552K, reserved 1048576K
}
Event: 127.735 GC heap after
{Heap after GC invocations=61 (full 0):
 garbage-first heap   total 157696K, used 100662K [0x0000000080000000, 0x0000000100000000)
  region size 1024K, 5 young (5120K), 5 survivors (5120K)
 Metaspace       used 113033K, committed 113856K, reserved 1179648K
  class space    used 15145K, committed 15552K, reserved 1048576K
}
Event: 128.342 GC heap before
{Heap before GC invocations=61 (full 0):
 garbage-first heap   total 157696K, used 116022K [0x0000000080000000, 0x0000000100000000)
  region size 1024K, 14 young (14336K), 5 survivors (5120K)
 Metaspace       used 113072K, committed 113920K, reserved 1179648K
  class space    used 15145K, committed 15552K, reserved 1048576K
}
Event: 128.352 GC heap after
{Heap after GC invocations=62 (full 0):
 garbage-first heap   total 157696K, used 107360K [0x0000000080000000, 0x0000000100000000)
  region size 1024K, 4 young (4096K), 4 survivors (4096K)
 Metaspace       used 113072K, committed 113920K, reserved 1179648K
  class space    used 15145K, committed 15552K, reserved 1048576K
}
Event: 129.638 GC heap before
{Heap before GC invocations=63 (full 0):
 garbage-first heap   total 199680K, used 127840K [0x0000000080000000, 0x0000000100000000)
  region size 1024K, 23 young (23552K), 4 survivors (4096K)
 Metaspace       used 113137K, committed 113920K, reserved 1179648K
  class space    used 15145K, committed 15552K, reserved 1048576K
}
Event: 129.655 GC heap after
{Heap after GC invocations=64 (full 0):
 garbage-first heap   total 199680K, used 118216K [0x0000000080000000, 0x0000000100000000)
  region size 1024K, 3 young (3072K), 3 survivors (3072K)
 Metaspace       used 113137K, committed 113920K, reserved 1179648K
  class space    used 15145K, committed 15552K, reserved 1048576K
}
Event: 129.985 GC heap before
{Heap before GC invocations=64 (full 0):
 garbage-first heap   total 199680K, used 123336K [0x0000000080000000, 0x0000000100000000)
  region size 1024K, 9 young (9216K), 3 survivors (3072K)
 Metaspace       used 113141K, committed 113920K, reserved 1179648K
  class space    used 15145K, committed 15552K, reserved 1048576K
}
Event: 130.008 GC heap after
{Heap after GC invocations=65 (full 0):
 garbage-first heap   total 199680K, used 119273K [0x0000000080000000, 0x0000000100000000)
  region size 1024K, 2 young (2048K), 2 survivors (2048K)
 Metaspace       used 113141K, committed 113920K, reserved 1179648K
  class space    used 15145K, committed 15552K, reserved 1048576K
}
Event: 131.388 GC heap before
{Heap before GC invocations=65 (full 0):
 garbage-first heap   total 199680K, used 154089K [0x0000000080000000, 0x0000000100000000)
  region size 1024K, 29 young (29696K), 2 survivors (2048K)
 Metaspace       used 113646K, committed 114432K, reserved 1179648K
  class space    used 15189K, committed 15616K, reserved 1048576K
}
Event: 131.402 GC heap after
{Heap after GC invocations=66 (full 0):
 garbage-first heap   total 199680K, used 123533K [0x0000000080000000, 0x0000000100000000)
  region size 1024K, 4 young (4096K), 4 survivors (4096K)
 Metaspace       used 113646K, committed 114432K, reserved 1179648K
  class space    used 15189K, committed 15616K, reserved 1048576K
}
Event: 132.556 GC heap before
{Heap before GC invocations=66 (full 0):
 garbage-first heap   total 199680K, used 150157K [0x0000000080000000, 0x0000000100000000)
  region size 1024K, 31 young (31744K), 4 survivors (4096K)
 Metaspace       used 113783K, committed 114624K, reserved 1179648K
  class space    used 15195K, committed 15616K, reserved 1048576K
}
Event: 132.574 GC heap after
{Heap after GC invocations=67 (full 0):
 garbage-first heap   total 199680K, used 129024K [0x0000000080000000, 0x0000000100000000)
  region size 1024K, 4 young (4096K), 4 survivors (4096K)
 Metaspace       used 113783K, committed 114624K, reserved 1179648K
  class space    used 15195K, committed 15616K, reserved 1048576K
}
Event: 132.651 GC heap before
{Heap before GC invocations=67 (full 0):
 garbage-first heap   total 199680K, used 143360K [0x0000000080000000, 0x0000000100000000)
  region size 1024K, 10 young (10240K), 4 survivors (4096K)
 Metaspace       used 113786K, committed 114624K, reserved 1179648K
  class space    used 15195K, committed 15616K, reserved 1048576K
}

