# JRE version: OpenJDK Runtime Environment (17.0.11) (build 17.0.11+0--11852314)
# Java VM: OpenJDK 64-Bit Server VM (17.0.11+0--11852314, mixed mode, tiered, compressed oops, compressed class ptrs, g1 gc, windows-amd64)
GC Precious Log:
 CPUs: 4 total, 4 available
 Memory: 8080M
 Large Page Support: Disabled
 NUMA Support: Disabled
 Compressed Oops: Enabled (32-bit)
 Heap Region Size: 1M
 Heap Min Capacity: 8M
 Heap Initial Capacity: 128M
 Heap Max Capacity: 2G
 Pre-touch: Disabled
 Parallel Workers: 4
 Concurrent Workers: 1
 Concurrent Refinement Workers: 4
 Periodic GC: Disabled
Heap:
 garbage-first heap   total 245760K, used 190464K [0x0000000080000000, 0x0000000100000000)
  region size 1024K, 4 young (4096K), 4 survivors (4096K)
 Metaspace       used 115455K, committed 116352K, reserved 1179648K
  class space    used 15681K, committed 16128K, reserved 1048576K
GC Heap History (20 events):
Event: 48.770 GC heap after
{Heap after GC invocations=61 (full 0):
 garbage-first heap   total 245760K, used 135888K [0x0000000080000000, 0x0000000100000000)
  region size 1024K, 7 young (7168K), 7 survivors (7168K)
 Metaspace       used 104868K, committed 105600K, reserved 1179648K
  class space    used 14135K, committed 14528K, reserved 1048576K
}
Event: 49.712 GC heap before
{Heap before GC invocations=61 (full 0):
 garbage-first heap   total 245760K, used 189136K [0x0000000080000000, 0x0000000100000000)
  region size 1024K, 59 young (60416K), 7 survivors (7168K)
 Metaspace       used 105655K, committed 106432K, reserved 1179648K
  class space    used 14203K, committed 14592K, reserved 1048576K
}
Event: 49.719 GC heap after
{Heap after GC invocations=62 (full 0):
 garbage-first heap   total 245760K, used 134327K [0x0000000080000000, 0x0000000100000000)
  region size 1024K, 1 young (1024K), 1 survivors (1024K)
 Metaspace       used 105655K, committed 106432K, reserved 1179648K
  class space    used 14203K, committed 14592K, reserved 1048576K
}
Event: 51.053 GC heap before
{Heap before GC invocations=62 (full 0):
 garbage-first heap   total 245760K, used 191671K [0x0000000080000000, 0x0000000100000000)
  region size 1024K, 58 young (59392K), 1 survivors (1024K)
 Metaspace       used 106826K, committed 107584K, reserved 1179648K
  class space    used 14320K, committed 14720K, reserved 1048576K
}
Event: 51.061 GC heap after
{Heap after GC invocations=63 (full 0):
 garbage-first heap   total 245760K, used 134854K [0x0000000080000000, 0x0000000100000000)
  region size 1024K, 2 young (2048K), 2 survivors (2048K)
 Metaspace       used 106826K, committed 107584K, reserved 1179648K
  class space    used 14320K, committed 14720K, reserved 1048576K
}
Event: 53.442 GC heap before
{Heap before GC invocations=63 (full 0):
 garbage-first heap   total 245760K, used 198342K [0x0000000080000000, 0x0000000100000000)
  region size 1024K, 65 young (66560K), 2 survivors (2048K)
 Metaspace       used 108834K, committed 109632K, reserved 1179648K
  class space    used 14568K, committed 14912K, reserved 1048576K
}
Event: 53.453 GC heap after
{Heap after GC invocations=64 (full 0):
 garbage-first heap   total 245760K, used 139750K [0x0000000080000000, 0x0000000100000000)
  region size 1024K, 7 young (7168K), 7 survivors (7168K)
 Metaspace       used 108834K, committed 109632K, reserved 1179648K
  class space    used 14568K, committed 14912K, reserved 1048576K
}
Event: 55.206 GC heap before
{Heap before GC invocations=64 (full 0):
 garbage-first heap   total 245760K, used 183782K [0x0000000080000000, 0x0000000100000000)
  region size 1024K, 45 young (46080K), 7 survivors (7168K)
 Metaspace       used 109198K, committed 109952K, reserved 1179648K
  class space    used 14609K, committed 14976K, reserved 1048576K
}
Event: 55.219 GC heap after
{Heap after GC invocations=65 (full 0):
 garbage-first heap   total 245760K, used 151065K [0x0000000080000000, 0x0000000100000000)
  region size 1024K, 7 young (7168K), 7 survivors (7168K)
 Metaspace       used 109198K, committed 109952K, reserved 1179648K
  class space    used 14609K, committed 14976K, reserved 1048576K
}
Event: 57.401 GC heap before
{Heap before GC invocations=66 (full 0):
 garbage-first heap   total 245760K, used 216601K [0x0000000080000000, 0x0000000100000000)
  region size 1024K, 55 young (56320K), 7 survivors (7168K)
 Metaspace       used 112702K, committed 113408K, reserved 1179648K
  class space    used 15133K, committed 15488K, reserved 1048576K
}
Event: 57.418 GC heap after
{Heap after GC invocations=67 (full 0):
 garbage-first heap   total 245760K, used 158601K [0x0000000080000000, 0x0000000100000000)
  region size 1024K, 7 young (7168K), 7 survivors (7168K)
 Metaspace       used 112702K, committed 113408K, reserved 1179648K
  class space    used 15133K, committed 15488K, reserved 1048576K
}
Event: 57.459 GC heap before
{Heap before GC invocations=67 (full 0):
 garbage-first heap   total 245760K, used 163721K [0x0000000080000000, 0x0000000100000000)
  region size 1024K, 12 young (12288K), 7 survivors (7168K)
 Metaspace       used 112705K, committed 113408K, reserved 1179648K
  class space    used 15133K, committed 15488K, reserved 1048576K
}
Event: 57.474 GC heap after
{Heap after GC invocations=68 (full 0):
 garbage-first heap   total 245760K, used 137443K [0x0000000080000000, 0x0000000100000000)
  region size 1024K, 2 young (2048K), 2 survivors (2048K)
 Metaspace       used 112705K, committed 113408K, reserved 1179648K
  class space    used 15133K, committed 15488K, reserved 1048576K
}
Event: 57.561 GC heap before
{Heap before GC invocations=68 (full 0):
 garbage-first heap   total 245760K, used 147683K [0x0000000080000000, 0x0000000100000000)
  region size 1024K, 12 young (12288K), 2 survivors (2048K)
 Metaspace       used 112706K, committed 113408K, reserved 1179648K
  class space    used 15133K, committed 15488K, reserved 1048576K
}
Event: 57.578 GC heap after
{Heap after GC invocations=69 (full 0):
 garbage-first heap   total 245760K, used 140074K [0x0000000080000000, 0x0000000100000000)
  region size 1024K, 2 young (2048K), 2 survivors (2048K)
 Metaspace       used 112706K, committed 113408K, reserved 1179648K
  class space    used 15133K, committed 15488K, reserved 1048576K
}
Event: 58.531 GC heap before
{Heap before GC invocations=69 (full 0):
 garbage-first heap   total 245760K, used 198442K [0x0000000080000000, 0x0000000100000000)
  region size 1024K, 58 young (59392K), 2 survivors (2048K)
 Metaspace       used 115335K, committed 116160K, reserved 1179648K
  class space    used 15674K, committed 16128K, reserved 1048576K
}
Event: 58.576 GC heap after
{Heap after GC invocations=70 (full 0):
 garbage-first heap   total 245760K, used 162183K [0x0000000080000000, 0x0000000100000000)
  region size 1024K, 8 young (8192K), 8 survivors (8192K)
 Metaspace       used 115335K, committed 116160K, reserved 1179648K
  class space    used 15674K, committed 16128K, reserved 1048576K
}
Event: 59.146 GC heap before
{Heap before GC invocations=70 (full 0):
 garbage-first heap   total 245760K, used 196999K [0x0000000080000000, 0x0000000100000000)
  region size 1024K, 42 young (43008K), 8 survivors (8192K)
 Metaspace       used 115449K, committed 116352K, reserved 1179648K
  class space    used 15680K, committed 16128K, reserved 1048576K
}
Event: 59.254 GC heap after
{Heap after GC invocations=71 (full 0):
 garbage-first heap   total 245760K, used 179712K [0x0000000080000000, 0x0000000100000000)
  region size 1024K, 6 young (6144K), 6 survivors (6144K)
 Metaspace       used 115449K, committed 116352K, reserved 1179648K
  class space    used 15680K, committed 16128K, reserved 1048576K
}
Event: 59.406 GC heap before
{Heap before GC invocations=71 (full 0):
 garbage-first heap   total 245760K, used 199168K [0x0000000080000000, 0x0000000100000000)
  region size 1024K, 25 young (25600K), 6 survivors (6144K)
 Metaspace       used 115455K, committed 116352K, reserved 1179648K
  class space    used 15681K, committed 16128K, reserved 1048576K
}

