# JRE version: OpenJDK Runtime Environment (17.0.11) (build 17.0.11+0--11852314)
# Java VM: OpenJDK 64-Bit Server VM (17.0.11+0--11852314, mixed mode, tiered, compressed oops, compressed class ptrs, g1 gc, windows-amd64)
GC Precious Log:
 CPUs: 4 total, 4 available
 Memory: 8080M
 Large Page Support: Disabled
 NUMA Support: Disabled
 Compressed Oops: Enabled (32-bit)
 Heap Region Size: 1M
 Heap Min Capacity: 8M
 Heap Initial Capacity: 128M
 Heap Max Capacity: 2G
 Pre-touch: Disabled
 Parallel Workers: 4
 Concurrent Workers: 1
 Concurrent Refinement Workers: 4
 Periodic GC: Disabled
Heap:
 garbage-first heap   total 188416K, used 115974K [0x0000000080000000, 0x0000000100000000)
  region size 1024K, 4 young (4096K), 4 survivors (4096K)
 Metaspace       used 100968K, committed 101696K, reserved 1179648K
  class space    used 13746K, committed 14080K, reserved 1048576K
GC Heap History (20 events):
Event: 38.223 GC heap after
{Heap after GC invocations=43 (full 0):
 garbage-first heap   total 153600K, used 71494K [0x0000000080000000, 0x0000000100000000)
  region size 1024K, 5 young (5120K), 5 survivors (5120K)
 Metaspace       used 87178K, committed 87808K, reserved 1179648K
  class space    used 11990K, committed 12288K, reserved 1048576K
}
Event: 38.262 GC heap before
{Heap before GC invocations=43 (full 0):
 garbage-first heap   total 153600K, used 73542K [0x0000000080000000, 0x0000000100000000)
  region size 1024K, 7 young (7168K), 5 survivors (5120K)
 Metaspace       used 87325K, committed 87936K, reserved 1179648K
  class space    used 12013K, committed 12288K, reserved 1048576K
}
Event: 38.270 GC heap after
{Heap after GC invocations=44 (full 0):
 garbage-first heap   total 153600K, used 71259K [0x0000000080000000, 0x0000000100000000)
  region size 1024K, 1 young (1024K), 1 survivors (1024K)
 Metaspace       used 87325K, committed 87936K, reserved 1179648K
  class space    used 12013K, committed 12288K, reserved 1048576K
}
Event: 40.388 GC heap before
{Heap before GC invocations=44 (full 0):
 garbage-first heap   total 153600K, used 126555K [0x0000000080000000, 0x0000000100000000)
  region size 1024K, 55 young (56320K), 1 survivors (1024K)
 Metaspace       used 92364K, committed 92992K, reserved 1179648K
  class space    used 12751K, committed 13056K, reserved 1048576K
}
Event: 40.396 GC heap after
{Heap after GC invocations=45 (full 0):
 garbage-first heap   total 153600K, used 73067K [0x0000000080000000, 0x0000000100000000)
  region size 1024K, 3 young (3072K), 3 survivors (3072K)
 Metaspace       used 92364K, committed 92992K, reserved 1179648K
  class space    used 12751K, committed 13056K, reserved 1048576K
}
Event: 41.542 GC heap before
{Heap before GC invocations=45 (full 0):
 garbage-first heap   total 153600K, used 118123K [0x0000000080000000, 0x0000000100000000)
  region size 1024K, 49 young (50176K), 3 survivors (3072K)
 Metaspace       used 95050K, committed 95744K, reserved 1179648K
  class space    used 13059K, committed 13376K, reserved 1048576K
}
Event: 41.555 GC heap after
{Heap after GC invocations=46 (full 0):
 garbage-first heap   total 153600K, used 78939K [0x0000000080000000, 0x0000000100000000)
  region size 1024K, 7 young (7168K), 7 survivors (7168K)
 Metaspace       used 95050K, committed 95744K, reserved 1179648K
  class space    used 13059K, committed 13376K, reserved 1048576K
}
Event: 43.632 GC heap before
{Heap before GC invocations=47 (full 0):
 garbage-first heap   total 153600K, used 129115K [0x0000000080000000, 0x0000000100000000)
  region size 1024K, 52 young (53248K), 7 survivors (7168K)
 Metaspace       used 97867K, committed 98560K, reserved 1179648K
  class space    used 13431K, committed 13760K, reserved 1048576K
}
Event: 43.650 GC heap after
{Heap after GC invocations=48 (full 0):
 garbage-first heap   total 153600K, used 83962K [0x0000000080000000, 0x0000000100000000)
  region size 1024K, 6 young (6144K), 6 survivors (6144K)
 Metaspace       used 97867K, committed 98560K, reserved 1179648K
  class space    used 13431K, committed 13760K, reserved 1048576K
}
Event: 43.666 GC heap before
{Heap before GC invocations=48 (full 0):
 garbage-first heap   total 153600K, used 83962K [0x0000000080000000, 0x0000000100000000)
  region size 1024K, 7 young (7168K), 6 survivors (6144K)
 Metaspace       used 97868K, committed 98560K, reserved 1179648K
  class space    used 13431K, committed 13760K, reserved 1048576K
}
Event: 43.675 GC heap after
{Heap after GC invocations=49 (full 0):
 garbage-first heap   total 153600K, used 83842K [0x0000000080000000, 0x0000000100000000)
  region size 1024K, 1 young (1024K), 1 survivors (1024K)
 Metaspace       used 97868K, committed 98560K, reserved 1179648K
  class space    used 13431K, committed 13760K, reserved 1048576K
}
Event: 49.133 GC heap before
{Heap before GC invocations=49 (full 0):
 garbage-first heap   total 153600K, used 123778K [0x0000000080000000, 0x0000000100000000)
  region size 1024K, 41 young (41984K), 1 survivors (1024K)
 Metaspace       used 98541K, committed 99200K, reserved 1179648K
  class space    used 13529K, committed 13824K, reserved 1048576K
}
Event: 49.141 GC heap after
{Heap after GC invocations=50 (full 0):
 garbage-first heap   total 153600K, used 86990K [0x0000000080000000, 0x0000000100000000)
  region size 1024K, 5 young (5120K), 5 survivors (5120K)
 Metaspace       used 98541K, committed 99200K, reserved 1179648K
  class space    used 13529K, committed 13824K, reserved 1048576K
}
Event: 52.154 GC heap before
{Heap before GC invocations=50 (full 0):
 garbage-first heap   total 153600K, used 125902K [0x0000000080000000, 0x0000000100000000)
  region size 1024K, 42 young (43008K), 5 survivors (5120K)
 Metaspace       used 100302K, committed 101056K, reserved 1179648K
  class space    used 13689K, committed 14080K, reserved 1048576K
}
Event: 52.170 GC heap after
{Heap after GC invocations=51 (full 0):
 garbage-first heap   total 153600K, used 97640K [0x0000000080000000, 0x0000000100000000)
  region size 1024K, 6 young (6144K), 6 survivors (6144K)
 Metaspace       used 100302K, committed 101056K, reserved 1179648K
  class space    used 13689K, committed 14080K, reserved 1048576K
}
Event: 53.358 GC heap before
{Heap before GC invocations=52 (full 0):
 garbage-first heap   total 188416K, used 126312K [0x0000000080000000, 0x0000000100000000)
  region size 1024K, 28 young (28672K), 6 survivors (6144K)
 Metaspace       used 100370K, committed 101120K, reserved 1179648K
  class space    used 13689K, committed 14080K, reserved 1048576K
}
Event: 53.380 GC heap after
{Heap after GC invocations=53 (full 0):
 garbage-first heap   total 188416K, used 111484K [0x0000000080000000, 0x0000000100000000)
  region size 1024K, 4 young (4096K), 4 survivors (4096K)
 Metaspace       used 100370K, committed 101120K, reserved 1179648K
  class space    used 13689K, committed 14080K, reserved 1048576K
}
Event: 53.650 GC heap before
{Heap before GC invocations=53 (full 0):
 garbage-first heap   total 188416K, used 116604K [0x0000000080000000, 0x0000000100000000)
  region size 1024K, 9 young (9216K), 4 survivors (4096K)
 Metaspace       used 100377K, committed 101120K, reserved 1179648K
  class space    used 13689K, committed 14080K, reserved 1048576K
}
Event: 53.664 GC heap after
{Heap after GC invocations=54 (full 0):
 garbage-first heap   total 188416K, used 112544K [0x0000000080000000, 0x0000000100000000)
  region size 1024K, 2 young (2048K), 2 survivors (2048K)
 Metaspace       used 100377K, committed 101120K, reserved 1179648K
  class space    used 13689K, committed 14080K, reserved 1048576K
}
Event: 55.391 GC heap before
{Heap before GC invocations=54 (full 0):
 garbage-first heap   total 188416K, used 147360K [0x0000000080000000, 0x0000000100000000)
  region size 1024K, 29 young (29696K), 2 survivors (2048K)
 Metaspace       used 100968K, committed 101696K, reserved 1179648K
  class space    used 13746K, committed 14080K, reserved 1048576K
}

